TN:
SF:../../../../../../resources/sap/base/security/URLListValidator.js
FN:6,(anonymous_0)
FN:45,(anonymous_1)
FN:59,URLListValidatorEntry
FN:92,(anonymous_3)
FN:113,(anonymous_4)
FN:127,(anonymous_5)
FN:137,(anonymous_6)
FN:266,(anonymous_7)
FNF:8
FNH:1
FNDA:1,(anonymous_0)
FNDA:0,(anonymous_1)
FNDA:0,URLListValidatorEntry
FNDA:0,(anonymous_3)
FNDA:0,(anonymous_4)
FNDA:0,(anonymous_5)
FNDA:0,(anonymous_6)
FNDA:0,(anonymous_7)
DA:6,1
DA:10,1
DA:11,1
DA:12,1
DA:13,1
DA:14,1
DA:15,1
DA:16,1
DA:17,1
DA:18,1
DA:19,1
DA:20,1
DA:23,1
DA:33,1
DA:45,1
DA:46,0
DA:60,0
DA:84,1
DA:92,1
DA:93,0
DA:113,1
DA:114,0
DA:115,0
DA:127,1
DA:128,0
DA:137,1
DA:138,0
DA:266,1
DA:269,0
DA:270,0
DA:271,0
DA:279,0
DA:280,0
DA:281,0
DA:284,0
DA:285,0
DA:286,0
DA:289,0
DA:290,0
DA:291,0
DA:292,0
DA:293,0
DA:294,0
DA:295,0
DA:298,0
DA:299,0
DA:300,0
DA:302,0
DA:303,0
DA:309,0
DA:310,0
DA:311,0
DA:313,0
DA:315,0
DA:316,0
DA:318,0
DA:320,0
DA:322,0
DA:324,0
DA:328,0
DA:329,0
DA:330,0
DA:331,0
DA:332,0
DA:334,0
DA:338,0
DA:339,0
DA:340,0
DA:342,0
DA:349,0
DA:350,0
DA:352,0
DA:357,0
DA:358,0
DA:360,0
DA:365,0
DA:366,0
DA:367,0
DA:368,0
DA:370,0
DA:371,0
DA:373,0
DA:374,0
DA:375,0
DA:377,0
DA:378,0
DA:379,0
DA:381,0
DA:382,0
DA:384,0
DA:386,0
DA:388,0
DA:390,0
DA:391,0
DA:392,0
DA:394,0
DA:395,0
DA:396,0
DA:398,0
DA:400,0
DA:405,0
DA:406,0
DA:409,0
DA:410,0
DA:414,0
DA:417,1
LF:106
LH:22
BRDA:62,0,0,0
BRDA:62,0,1,0
BRDA:66,1,0,0
BRDA:66,1,1,0
BRDA:269,2,0,0
BRDA:269,2,1,0
BRDA:270,3,0,0
BRDA:270,3,1,0
BRDA:280,4,0,0
BRDA:280,4,1,0
BRDA:280,5,0,0
BRDA:280,5,1,0
BRDA:285,6,0,0
BRDA:285,6,1,0
BRDA:298,7,0,0
BRDA:298,7,1,0
BRDA:300,8,0,0
BRDA:300,8,1,0
BRDA:302,9,0,0
BRDA:302,9,1,0
BRDA:309,10,0,0
BRDA:309,10,1,0
BRDA:310,11,0,0
BRDA:310,11,1,0
BRDA:311,12,0,0
BRDA:311,12,1,0
BRDA:315,13,0,0
BRDA:315,13,1,0
BRDA:316,14,0,0
BRDA:316,14,1,0
BRDA:320,15,0,0
BRDA:320,15,1,0
BRDA:328,16,0,0
BRDA:328,16,1,0
BRDA:329,17,0,0
BRDA:329,17,1,0
BRDA:332,18,0,0
BRDA:332,18,1,0
BRDA:340,19,0,0
BRDA:340,19,1,0
BRDA:349,20,0,0
BRDA:349,20,1,0
BRDA:350,21,0,0
BRDA:350,21,1,0
BRDA:357,22,0,0
BRDA:357,22,1,0
BRDA:358,23,0,0
BRDA:358,23,1,0
BRDA:365,24,0,0
BRDA:365,24,1,0
BRDA:368,25,0,0
BRDA:368,25,1,0
BRDA:368,26,0,0
BRDA:368,26,1,0
BRDA:368,26,2,0
BRDA:371,27,0,0
BRDA:371,27,1,0
BRDA:371,28,0,0
BRDA:371,28,1,0
BRDA:371,28,2,0
BRDA:373,29,0,0
BRDA:373,29,1,0
BRDA:378,30,0,0
BRDA:378,30,1,0
BRDA:381,31,0,0
BRDA:381,31,1,0
BRDA:381,32,0,0
BRDA:381,32,1,0
BRDA:381,32,2,0
BRDA:384,33,0,0
BRDA:384,33,1,0
BRDA:386,34,0,0
BRDA:386,34,1,0
BRDA:386,35,0,0
BRDA:386,35,1,0
BRDA:386,35,2,0
BRDA:386,35,3,0
BRDA:388,36,0,0
BRDA:388,36,1,0
BRDA:388,37,0,0
BRDA:388,37,1,0
BRDA:390,38,0,0
BRDA:390,38,1,0
BRDA:395,39,0,0
BRDA:395,39,1,0
BRDA:398,40,0,0
BRDA:398,40,1,0
BRDA:398,41,0,0
BRDA:398,41,1,0
BRDA:405,42,0,0
BRDA:405,42,1,0
BRDA:409,43,0,0
BRDA:409,43,1,0
BRF:93
BRH:0
end_of_record
TN:
SF:../../../../../../resources/sap/base/security/sanitizeHTML.js
FN:14,(anonymous_0)
FN:30,(anonymous_1)
FN:34,(anonymous_2)
FNF:3
FNH:1
FNDA:1,(anonymous_0)
FNDA:0,(anonymous_1)
FNDA:0,(anonymous_2)
DA:10,1
DA:30,1
DA:31,0
DA:33,0
DA:37,0
DA:38,0
DA:43,0
DA:44,0
DA:48,1
LF:9
LH:3
BRDA:31,0,0,0
BRDA:31,0,1,0
BRDA:33,1,0,0
BRDA:33,1,1,0
BRDA:37,2,0,0
BRDA:37,2,1,0
BRDA:43,3,0,0
BRDA:43,3,1,0
BRF:8
BRH:0
end_of_record
TN:
SF:../../../../../../resources/sap/base/strings/hyphenate.js
FN:6,(anonymous_0)
FN:27,(anonymous_1)
FN:28,(anonymous_2)
FNF:3
FNH:1
FNDA:1,(anonymous_0)
FNDA:0,(anonymous_1)
FNDA:0,(anonymous_2)
DA:6,1
DA:9,1
DA:27,1
DA:28,0
DA:29,0
DA:32,1
LF:6
LH:4
BRF:0
BRH:0
end_of_record
TN:
SF:../../../../../../resources/sap/base/util/clamp.js
FN:8,(anonymous_0)
FN:20,(anonymous_1)
FNF:2
FNH:1
FNDA:1,(anonymous_0)
FNDA:0,(anonymous_1)
DA:8,1
DA:20,1
DA:22,0
DA:25,1
LF:4
LH:3
BRF:0
BRH:0
end_of_record
TN:
SF:../../../../../../resources/sap/base/util/syncFetch.js
FN:9,(anonymous_0)
FN:12,SyncResponseMixin
FN:16,(anonymous_2)
FN:19,(anonymous_3)
FN:56,syncFetch
FNF:5
FNH:1
FNDA:1,(anonymous_0)
FNDA:0,SyncResponseMixin
FNDA:0,(anonymous_2)
FNDA:0,(anonymous_3)
FNDA:0,syncFetch
DA:6,1
DA:13,0
DA:14,0
DA:16,0
DA:17,0
DA:19,0
DA:20,0
DA:57,0
DA:63,1
DA:65,1
LF:10
LH:3
BRF:0
BRH:0
end_of_record
TN:
SF:../../../../../../resources/sap/fe/core/helpers/StableIdHelper.js
FN:5,(anonymous_0)
FN:17,(anonymous_1)
FN:22,(anonymous_2)
FN:30,(anonymous_3)
FN:35,(anonymous_4)
FN:45,(anonymous_5)
FN:50,(anonymous_6)
FN:56,(anonymous_7)
FN:66,(anonymous_8)
FN:75,(anonymous_9)
FN:87,(anonymous_10)
FN:118,(anonymous_11)
FN:119,(anonymous_12)
FN:125,(anonymous_13)
FN:136,(anonymous_14)
FN:184,(anonymous_15)
FN:212,(anonymous_16)
FNF:17
FNH:1
FNDA:1,(anonymous_0)
FNDA:0,(anonymous_1)
FNDA:0,(anonymous_2)
FNDA:0,(anonymous_3)
FNDA:0,(anonymous_4)
FNDA:0,(anonymous_5)
FNDA:0,(anonymous_6)
FNDA:0,(anonymous_7)
FNDA:0,(anonymous_8)
FNDA:0,(anonymous_9)
FNDA:0,(anonymous_10)
FNDA:0,(anonymous_11)
FNDA:0,(anonymous_12)
FNDA:0,(anonymous_13)
FNDA:0,(anonymous_14)
FNDA:0,(anonymous_15)
FNDA:0,(anonymous_16)
DA:5,1
DA:8,1
DA:9,1
DA:17,1
DA:18,0
DA:19,0
DA:20,0
DA:22,0
DA:30,1
DA:31,0
DA:32,0
DA:33,0
DA:34,0
DA:35,0
DA:37,0
DA:45,1
DA:46,0
DA:47,0
DA:48,0
DA:49,0
DA:50,0
DA:52,0
DA:53,0
DA:54,0
DA:55,0
DA:56,0
DA:58,0
DA:66,1
DA:67,0
DA:75,1
DA:76,0
DA:77,0
DA:78,0
DA:87,1
DA:88,0
DA:90,0
DA:92,0
DA:93,0
DA:95,0
DA:96,0
DA:98,0
DA:99,0
DA:101,0
DA:102,0
DA:104,0
DA:105,0
DA:117,1
DA:118,1
DA:119,0
DA:120,0
DA:121,0
DA:123,0
DA:125,0
DA:126,0
DA:135,1
DA:136,1
DA:137,0
DA:138,0
DA:139,0
DA:141,0
DA:142,0
DA:145,0
DA:146,0
DA:148,0
DA:149,0
DA:151,0
DA:152,0
DA:154,0
DA:155,0
DA:157,0
DA:158,0
DA:160,0
DA:161,0
DA:163,0
DA:164,0
DA:165,0
DA:167,0
DA:169,0
DA:170,0
DA:172,0
DA:174,0
DA:183,1
DA:184,1
DA:185,0
DA:186,0
DA:188,0
DA:193,0
DA:194,0
DA:198,0
DA:199,0
DA:201,0
DA:211,1
DA:212,1
DA:213,0
DA:214,0
DA:215,0
DA:217,0
DA:220,1
DA:221,1
LF:99
LH:19
BRDA:18,0,0,0
BRDA:18,0,1,0
BRDA:19,1,0,0
BRDA:19,1,1,0
BRDA:32,2,0,0
BRDA:32,2,1,0
BRDA:34,3,0,0
BRDA:34,3,1,0
BRDA:34,4,0,0
BRDA:34,4,1,0
BRDA:47,5,0,0
BRDA:47,5,1,0
BRDA:49,6,0,0
BRDA:49,6,1,0
BRDA:49,7,0,0
BRDA:49,7,1,0
BRDA:53,8,0,0
BRDA:53,8,1,0
BRDA:53,9,0,0
BRDA:53,9,1,0
BRDA:55,10,0,0
BRDA:55,10,1,0
BRDA:55,11,0,0
BRDA:55,11,1,0
BRDA:88,12,0,0
BRDA:88,12,1,0
BRDA:88,13,0,0
BRDA:88,13,1,0
BRDA:90,14,0,0
BRDA:90,14,1,0
BRDA:90,14,2,0
BRDA:90,14,3,0
BRDA:92,15,0,0
BRDA:92,15,1,0
BRDA:95,16,0,0
BRDA:95,16,1,0
BRDA:105,17,0,0
BRDA:105,17,1,0
BRDA:105,18,0,0
BRDA:105,18,1,0
BRDA:120,19,0,0
BRDA:120,19,1,0
BRDA:120,20,0,0
BRDA:120,20,1,0
BRDA:123,21,0,0
BRDA:123,21,1,0
BRDA:137,22,0,0
BRDA:137,22,1,0
BRDA:137,23,0,0
BRDA:137,23,1,0
BRDA:139,24,0,0
BRDA:139,24,1,0
BRDA:139,24,2,0
BRDA:139,24,3,0
BRDA:139,24,4,0
BRDA:139,24,5,0
BRDA:139,24,6,0
BRDA:139,24,7,0
BRDA:139,24,8,0
BRDA:139,24,9,0
BRDA:164,25,0,0
BRDA:164,25,1,0
BRDA:164,26,0,0
BRDA:164,26,1,0
BRDA:174,27,0,0
BRDA:174,27,1,0
BRDA:185,28,0,0
BRDA:185,28,1,0
BRDA:198,29,0,0
BRDA:198,29,1,0
BRDA:214,30,0,0
BRDA:214,30,1,0
BRF:72
BRH:0
end_of_record
TN:
SF:../../../../../../resources/sap/fe/core/helpers/TypeGuards.js
FN:5,(anonymous_0)
FN:9,isFulfilled
FN:13,isRejected
FN:17,isContext
FN:21,isFunctionArray
FN:22,(anonymous_5)
FN:31,isAnnotationOfType
FN:45,isAnnotationOfTerm
FN:49,isAnnotationTerm
FN:59,isServiceObject
FN:69,isComplexType
FN:79,isTypeDefinition
FN:89,isEntityContainer
FN:99,isEntitySet
FN:109,isSingleton
FN:119,isEntityType
FN:129,isProperty
FN:139,isActionParameter
FN:152,isNavigationProperty
FN:162,isSingleNavigationProperty
FN:172,isMultipleNavigationProperty
FN:182,isPathAnnotationExpression
FN:192,isAnnotationPath
FN:202,isPropertyPathExpression
FN:212,isAction
FNF:25
FNH:1
FNDA:1,(anonymous_0)
FNDA:0,isFulfilled
FNDA:0,isRejected
FNDA:0,isContext
FNDA:0,isFunctionArray
FNDA:0,(anonymous_5)
FNDA:0,isAnnotationOfType
FNDA:0,isAnnotationOfTerm
FNDA:0,isAnnotationTerm
FNDA:0,isServiceObject
FNDA:0,isComplexType
FNDA:0,isTypeDefinition
FNDA:0,isEntityContainer
FNDA:0,isEntitySet
FNDA:0,isSingleton
FNDA:0,isEntityType
FNDA:0,isProperty
FNDA:0,isActionParameter
FNDA:0,isNavigationProperty
FNDA:0,isSingleNavigationProperty
FNDA:0,isMultipleNavigationProperty
FNDA:0,isPathAnnotationExpression
FNDA:0,isAnnotationPath
FNDA:0,isPropertyPathExpression
FNDA:0,isAction
DA:5,1
DA:8,1
DA:10,0
DA:12,1
DA:14,0
DA:16,1
DA:18,0
DA:20,1
DA:22,0
DA:24,1
DA:32,0
DA:33,0
DA:35,0
DA:44,1
DA:46,0
DA:48,1
DA:50,0
DA:58,1
DA:60,0
DA:68,1
DA:70,0
DA:78,1
DA:80,0
DA:88,1
DA:90,0
DA:98,1
DA:100,0
DA:108,1
DA:110,0
DA:118,1
DA:120,0
DA:128,1
DA:130,0
DA:138,1
DA:140,0
DA:151,1
DA:153,0
DA:161,1
DA:163,0
DA:171,1
DA:173,0
DA:181,1
DA:183,0
DA:191,1
DA:193,0
DA:201,1
DA:203,0
DA:211,1
DA:213,0
DA:215,1
DA:216,1
LF:51
LH:26
BRDA:22,0,0,0
BRDA:22,0,1,0
BRDA:22,0,2,0
BRDA:32,1,0,0
BRDA:32,1,1,0
BRDA:60,2,0,0
BRDA:60,2,1,0
BRDA:163,3,0,0
BRDA:163,3,1,0
BRDA:173,4,0,0
BRDA:173,4,1,0
BRF:11
BRH:0
end_of_record
TN:
SF:../../../../../../resources/sap/fe/macros/filterBar/DraftEditState.js
FN:5,(anonymous_0)
FN:74,(anonymous_1)
FN:86,(anonymous_2)
FN:99,(anonymous_3)
FN:109,(anonymous_4)
FNF:5
FNH:1
FNDA:1,(anonymous_0)
FNDA:0,(anonymous_1)
FNDA:0,(anonymous_2)
FNDA:0,(anonymous_3)
FNDA:0,(anonymous_4)
DA:5,1
DA:8,1
DA:16,1
DA:75,0
DA:76,0
DA:78,0
DA:88,0
DA:89,0
DA:91,0
DA:93,0
DA:101,0
DA:102,0
DA:110,0
DA:112,0
DA:125,0
DA:131,0
DA:152,0
DA:170,0
DA:176,0
DA:177,0
DA:201,0
DA:216,1
LF:22
LH:4
BRDA:75,0,0,0
BRDA:75,0,1,0
BRDA:88,1,0,0
BRDA:88,1,1,0
BRDA:102,2,0,0
BRDA:102,2,1,0
BRDA:110,3,0,0
BRDA:110,3,1,0
BRDA:110,3,2,0
BRDA:110,3,3,0
BRDA:110,3,4,0
BRDA:110,3,5,0
BRDA:110,3,6,0
BRDA:110,3,7,0
BRDA:177,4,0,0
BRDA:177,4,1,0
BRF:16
BRH:0
end_of_record
TN:
SF:../../../../../../resources/sap/fe/test/BaseActions.js
FN:9,(anonymous_0)
FN:29,(anonymous_1)
FN:39,(anonymous_2)
FN:56,(anonymous_3)
FN:60,(anonymous_4)
FN:63,(anonymous_5)
FN:81,(anonymous_6)
FN:84,(anonymous_7)
FN:97,(anonymous_8)
FN:100,(anonymous_9)
FN:115,(anonymous_10)
FN:121,(anonymous_11)
FN:130,(anonymous_12)
FNF:13
FNH:1
FNDA:1,(anonymous_0)
FNDA:0,(anonymous_1)
FNDA:0,(anonymous_2)
FNDA:0,(anonymous_3)
FNDA:0,(anonymous_4)
FNDA:0,(anonymous_5)
FNDA:0,(anonymous_6)
FNDA:0,(anonymous_7)
FNDA:0,(anonymous_8)
FNDA:0,(anonymous_9)
FNDA:0,(anonymous_10)
FNDA:0,(anonymous_11)
FNDA:0,(anonymous_12)
DA:7,1
DA:18,1
DA:30,0
DA:40,0
DA:57,0
DA:58,0
DA:59,0
DA:61,0
DA:62,0
DA:63,0
DA:64,0
DA:67,0
DA:82,0
DA:85,0
DA:98,0
DA:101,0
DA:116,0
DA:119,0
DA:122,0
DA:130,1
DA:131,1
LF:21
LH:4
BRDA:61,0,0,0
BRDA:61,0,1,0
BRF:2
BRH:0
end_of_record
TN:
SF:../../../../../../resources/sap/fe/test/BaseArrangements.js
FN:9,(anonymous_0)
FN:23,(anonymous_1)
FN:50,(anonymous_2)
FN:53,(anonymous_3)
FN:65,(anonymous_4)
FN:84,(anonymous_5)
FN:85,_deleteDatabase
FN:86,(anonymous_7)
FN:99,(anonymous_8)
FN:101,(anonymous_9)
FN:124,(anonymous_10)
FN:135,(anonymous_11)
FN:141,(anonymous_12)
FN:144,(anonymous_13)
FN:150,(anonymous_14)
FN:174,(anonymous_15)
FN:177,(anonymous_16)
FN:186,(anonymous_17)
FN:189,(anonymous_18)
FN:194,(anonymous_19)
FN:210,(anonymous_20)
FN:212,(anonymous_21)
FN:228,(anonymous_22)
FN:231,(anonymous_23)
FN:239,(anonymous_24)
FNF:25
FNH:7
FNDA:1,(anonymous_0)
FNDA:1,(anonymous_1)
FNDA:1,(anonymous_2)
FNDA:2,(anonymous_3)
FNDA:1,(anonymous_4)
FNDA:0,(anonymous_5)
FNDA:0,_deleteDatabase
FNDA:0,(anonymous_7)
FNDA:0,(anonymous_8)
FNDA:0,(anonymous_9)
FNDA:0,(anonymous_10)
FNDA:0,(anonymous_11)
FNDA:0,(anonymous_12)
FNDA:0,(anonymous_13)
FNDA:0,(anonymous_14)
FNDA:0,(anonymous_15)
FNDA:0,(anonymous_16)
FNDA:0,(anonymous_17)
FNDA:0,(anonymous_18)
FNDA:0,(anonymous_19)
FNDA:1,(anonymous_20)
FNDA:1,(anonymous_21)
FNDA:0,(anonymous_22)
FNDA:0,(anonymous_23)
FNDA:0,(anonymous_24)
DA:7,1
DA:22,1
DA:24,1
DA:25,1
DA:26,1
DA:30,1
DA:31,0
DA:33,1
DA:51,1
DA:52,1
DA:53,1
DA:54,2
DA:56,1
DA:58,1
DA:64,1
DA:66,1
DA:68,1
DA:86,0
DA:87,0
DA:88,0
DA:89,0
DA:93,0
DA:94,0
DA:96,0
DA:97,0
DA:99,0
DA:100,0
DA:102,0
DA:108,0
DA:112,0
DA:125,0
DA:126,0
DA:127,0
DA:128,0
DA:129,0
DA:130,0
DA:134,0
DA:136,0
DA:138,0
DA:140,0
DA:142,0
DA:145,0
DA:148,0
DA:151,0
DA:175,0
DA:176,0
DA:178,0
DA:183,0
DA:185,0
DA:187,0
DA:190,0
DA:193,0
DA:195,0
DA:211,1
DA:213,1
DA:214,1
DA:229,0
DA:230,0
DA:232,0
DA:233,0
DA:239,1
DA:240,1
LF:62
LH:21
BRDA:30,0,0,0
BRDA:30,0,1,1
BRDA:56,1,0,1
BRDA:56,1,1,0
BRDA:56,2,0,0
BRDA:56,2,1,1
BRDA:96,3,0,0
BRDA:96,3,1,0
BRDA:97,4,0,0
BRDA:97,4,1,0
BRDA:128,5,0,0
BRDA:128,5,1,0
BRDA:130,6,0,0
BRDA:130,6,1,0
BRDA:138,7,0,0
BRDA:138,7,1,0
BRDA:138,8,0,0
BRDA:138,8,1,0
BRDA:178,9,0,0
BRDA:178,9,1,0
BRF:20
BRH:3
end_of_record
TN:
SF:../../../../../../resources/sap/fe/test/BaseAssertions.js
FN:9,(anonymous_0)
FN:28,(anonymous_1)
FN:42,(anonymous_2)
FN:53,(anonymous_3)
FN:64,(anonymous_4)
FN:68,(anonymous_5)
FNF:6
FNH:1
FNDA:1,(anonymous_0)
FNDA:0,(anonymous_1)
FNDA:0,(anonymous_2)
FNDA:0,(anonymous_3)
FNDA:0,(anonymous_4)
FNDA:0,(anonymous_5)
DA:7,1
DA:18,1
DA:29,0
DA:43,0
DA:54,0
DA:65,0
DA:68,1
DA:69,1
LF:8
LH:4
BRF:0
BRH:0
end_of_record
TN:
SF:../../../../../../resources/sap/fe/test/ListReport.js
FN:26,(anonymous_0)
FN:46,getTableId
FN:50,getChartId
FN:54,_getHeaderBuilder
FN:77,ListReport
FN:92,_complementTableIdentifier
FN:122,(anonymous_6)
FN:125,(anonymous_7)
FN:138,(anonymous_8)
FN:148,(anonymous_9)
FN:158,(anonymous_10)
FN:169,(anonymous_11)
FN:172,(anonymous_12)
FN:181,(anonymous_13)
FN:184,(anonymous_14)
FN:194,(anonymous_15)
FN:202,(anonymous_16)
FN:225,(anonymous_17)
FN:233,(anonymous_18)
FN:249,(anonymous_19)
FN:253,(anonymous_20)
FN:261,(anonymous_21)
FN:284,(anonymous_22)
FN:291,(anonymous_23)
FN:297,(anonymous_24)
FN:316,(anonymous_25)
FN:319,(anonymous_26)
FN:339,(anonymous_27)
FN:349,(anonymous_28)
FN:352,(anonymous_29)
FN:355,(anonymous_30)
FN:358,(anonymous_31)
FN:362,(anonymous_32)
FN:379,(anonymous_33)
FN:383,(anonymous_34)
FN:393,(anonymous_35)
FN:400,(anonymous_36)
FN:408,(anonymous_37)
FN:416,(anonymous_38)
FN:424,(anonymous_39)
FN:427,(anonymous_40)
FN:428,(anonymous_41)
FN:436,(anonymous_42)
FN:443,(anonymous_43)
FN:450,(anonymous_44)
FN:458,(anonymous_45)
FN:463,(anonymous_46)
FN:469,(anonymous_47)
FN:475,(anonymous_48)
FN:478,(anonymous_49)
FN:485,(anonymous_50)
FN:493,(anonymous_51)
FN:501,(anonymous_52)
FN:510,(anonymous_53)
FN:529,(anonymous_54)
FN:530,(anonymous_55)
FN:538,(anonymous_56)
FN:545,(anonymous_57)
FN:551,(anonymous_58)
FN:560,(anonymous_59)
FN:591,(anonymous_60)
FN:610,(anonymous_61)
FN:614,(anonymous_62)
FN:620,(anonymous_63)
FN:627,(anonymous_64)
FN:634,(anonymous_65)
FNF:66
FNH:2
FNDA:1,(anonymous_0)
FNDA:0,getTableId
FNDA:0,getChartId
FNDA:0,_getHeaderBuilder
FNDA:1,ListReport
FNDA:0,_complementTableIdentifier
FNDA:0,(anonymous_6)
FNDA:0,(anonymous_7)
FNDA:0,(anonymous_8)
FNDA:0,(anonymous_9)
FNDA:0,(anonymous_10)
FNDA:0,(anonymous_11)
FNDA:0,(anonymous_12)
FNDA:0,(anonymous_13)
FNDA:0,(anonymous_14)
FNDA:0,(anonymous_15)
FNDA:0,(anonymous_16)
FNDA:0,(anonymous_17)
FNDA:0,(anonymous_18)
FNDA:0,(anonymous_19)
FNDA:0,(anonymous_20)
FNDA:0,(anonymous_21)
FNDA:0,(anonymous_22)
FNDA:0,(anonymous_23)
FNDA:0,(anonymous_24)
FNDA:0,(anonymous_25)
FNDA:0,(anonymous_26)
FNDA:0,(anonymous_27)
FNDA:0,(anonymous_28)
FNDA:0,(anonymous_29)
FNDA:0,(anonymous_30)
FNDA:0,(anonymous_31)
FNDA:0,(anonymous_32)
FNDA:0,(anonymous_33)
FNDA:0,(anonymous_34)
FNDA:0,(anonymous_35)
FNDA:0,(anonymous_36)
FNDA:0,(anonymous_37)
FNDA:0,(anonymous_38)
FNDA:0,(anonymous_39)
FNDA:0,(anonymous_40)
FNDA:0,(anonymous_41)
FNDA:0,(anonymous_42)
FNDA:0,(anonymous_43)
FNDA:0,(anonymous_44)
FNDA:0,(anonymous_45)
FNDA:0,(anonymous_46)
FNDA:0,(anonymous_47)
FNDA:0,(anonymous_48)
FNDA:0,(anonymous_49)
FNDA:0,(anonymous_50)
FNDA:0,(anonymous_51)
FNDA:0,(anonymous_52)
FNDA:0,(anonymous_53)
FNDA:0,(anonymous_54)
FNDA:0,(anonymous_55)
FNDA:0,(anonymous_56)
FNDA:0,(anonymous_57)
FNDA:0,(anonymous_58)
FNDA:0,(anonymous_59)
FNDA:0,(anonymous_60)
FNDA:0,(anonymous_61)
FNDA:0,(anonymous_62)
FNDA:0,(anonymous_63)
FNDA:0,(anonymous_64)
FNDA:0,(anonymous_65)
DA:7,1
DA:47,0
DA:51,0
DA:55,0
DA:78,1
DA:79,1
DA:80,1
DA:81,1
DA:82,1
DA:83,1
DA:84,1
DA:85,1
DA:86,1
DA:87,1
DA:88,1
DA:89,1
DA:90,1
DA:93,0
DA:94,0
DA:96,0
DA:97,0
DA:99,0
DA:102,1
DA:123,0
DA:127,0
DA:128,0
DA:132,0
DA:134,0
DA:139,0
DA:149,0
DA:159,0
DA:170,0
DA:173,0
DA:182,0
DA:185,0
DA:186,0
DA:188,0
DA:195,0
DA:203,0
DA:227,0
DA:230,0
DA:234,0
DA:251,0
DA:254,0
DA:262,0
DA:263,0
DA:265,0
DA:266,0
DA:278,0
DA:282,0
DA:285,0
DA:292,0
DA:298,0
DA:317,0
DA:321,0
DA:322,0
DA:326,0
DA:328,0
DA:340,0
DA:350,0
DA:353,0
DA:356,0
DA:359,0
DA:360,0
DA:363,0
DA:373,0
DA:380,0
DA:384,0
DA:385,0
DA:386,0
DA:388,0
DA:394,0
DA:401,0
DA:409,0
DA:417,0
DA:418,0
DA:425,0
DA:428,0
DA:429,0
DA:431,0
DA:437,0
DA:444,0
DA:451,0
DA:460,0
DA:464,0
DA:467,0
DA:470,0
DA:476,0
DA:479,0
DA:486,0
DA:494,0
DA:502,0
DA:503,0
DA:512,0
DA:513,0
DA:515,0
DA:518,0
DA:519,0
DA:520,0
DA:527,0
DA:530,0
DA:531,0
DA:539,0
DA:546,0
DA:552,0
DA:561,0
DA:563,0
DA:593,0
DA:597,0
DA:612,0
DA:615,0
DA:621,0
DA:628,0
DA:629,0
DA:630,0
DA:632,0
DA:635,0
DA:643,1
LF:118
LH:16
BRDA:81,0,0,1
BRDA:81,0,1,0
BRDA:90,1,0,0
BRDA:90,1,1,1
BRDA:93,2,0,0
BRDA:93,2,1,0
BRDA:96,3,0,0
BRDA:96,3,1,0
BRDA:127,4,0,0
BRDA:127,4,1,0
BRDA:128,5,0,0
BRDA:128,5,1,0
BRDA:185,6,0,0
BRDA:185,6,1,0
BRDA:227,7,0,0
BRDA:227,7,1,0
BRDA:227,8,0,0
BRDA:227,8,1,0
BRDA:239,9,0,0
BRDA:239,9,1,0
BRDA:265,10,0,0
BRDA:265,10,1,0
BRDA:321,11,0,0
BRDA:321,11,1,0
BRDA:322,12,0,0
BRDA:322,12,1,0
BRDA:359,13,0,0
BRDA:359,13,1,0
BRDA:364,14,0,0
BRDA:364,14,1,0
BRDA:385,15,0,0
BRDA:385,15,1,0
BRDA:388,16,0,0
BRDA:388,16,1,0
BRDA:417,17,0,0
BRDA:417,17,1,0
BRDA:502,18,0,0
BRDA:502,18,1,0
BRDA:512,19,0,0
BRDA:512,19,1,0
BRDA:518,20,0,0
BRDA:518,20,1,0
BRDA:519,21,0,0
BRDA:519,21,1,0
BRDA:561,22,0,0
BRDA:561,22,1,0
BRDA:566,23,0,0
BRDA:566,23,1,0
BRDA:593,24,0,0
BRDA:593,24,1,0
BRDA:593,25,0,0
BRDA:593,25,1,0
BRDA:629,26,0,0
BRDA:629,26,1,0
BRF:54
BRH:2
end_of_record
TN:
SF:../../../../../../resources/sap/fe/test/ObjectPage.js
FN:25,(anonymous_0)
FN:44,getTableId
FN:50,getChartId
FN:54,_getOverflowToolbarBuilder
FN:58,_getHeaderBuilder
FN:62,_getFormBuilder
FN:78,_createSectionMatcher
FN:107,_anchorSectionIdMatcher
FN:114,_anchorSectionTextMatcher
FN:119,_anchorSubSectionIdMatcher
FN:129,_anchorSubSectionIconMatcher
FN:135,_anchorOverflowMatcher
FN:141,_createMenuActionExecutorBuilder
FN:154,_getObjectPageSectionSubSectionBuilder
FN:167,_getObjectPageSectionBuilder
FN:175,_getObjectPageSubSectionBuilder
FN:203,ObjectPage
FN:248,(anonymous_17)
FN:254,(anonymous_18)
FN:273,(anonymous_19)
FN:285,(anonymous_20)
FN:297,(anonymous_21)
FN:316,(anonymous_22)
FN:338,(anonymous_23)
FN:341,(anonymous_24)
FN:349,(anonymous_25)
FN:357,(anonymous_26)
FN:366,(anonymous_27)
FN:374,(anonymous_28)
FN:382,(anonymous_29)
FN:385,(anonymous_30)
FN:395,(anonymous_31)
FN:406,(anonymous_32)
FN:430,(anonymous_33)
FN:431,(anonymous_34)
FN:439,(anonymous_35)
FN:442,(anonymous_36)
FN:449,(anonymous_37)
FN:457,(anonymous_38)
FN:466,(anonymous_39)
FN:474,(anonymous_40)
FN:495,(anonymous_41)
FN:511,(anonymous_42)
FN:537,(anonymous_43)
FN:540,(anonymous_44)
FN:551,(anonymous_45)
FN:560,(anonymous_46)
FN:567,(anonymous_47)
FN:575,(anonymous_48)
FN:578,(anonymous_49)
FN:584,(anonymous_50)
FN:602,(anonymous_51)
FN:631,(anonymous_52)
FN:637,(anonymous_53)
FN:656,(anonymous_54)
FN:668,(anonymous_55)
FN:678,(anonymous_56)
FN:697,(anonymous_57)
FN:712,(anonymous_58)
FN:733,(anonymous_59)
FN:740,(anonymous_60)
FN:747,(anonymous_61)
FN:754,(anonymous_62)
FN:761,(anonymous_63)
FN:779,(anonymous_64)
FN:782,(anonymous_65)
FN:783,(anonymous_66)
FN:791,(anonymous_67)
FN:799,(anonymous_68)
FN:802,(anonymous_69)
FN:805,(anonymous_70)
FN:809,(anonymous_71)
FN:829,(anonymous_72)
FN:843,(anonymous_73)
FN:853,(anonymous_74)
FN:879,(anonymous_75)
FN:893,(anonymous_76)
FN:897,(anonymous_77)
FN:912,(anonymous_78)
FN:920,(anonymous_79)
FN:927,(anonymous_80)
FN:935,(anonymous_81)
FN:943,(anonymous_82)
FN:951,(anonymous_83)
FN:962,(anonymous_84)
FN:970,(anonymous_85)
FN:978,(anonymous_86)
FN:982,(anonymous_87)
FN:983,(anonymous_88)
FN:991,(anonymous_89)
FN:999,(anonymous_90)
FN:1002,(anonymous_91)
FN:1005,(anonymous_92)
FN:1008,(anonymous_93)
FN:1016,(anonymous_94)
FN:1022,(anonymous_95)
FN:1025,(anonymous_96)
FN:1026,(anonymous_97)
FN:1034,(anonymous_98)
FN:1042,(anonymous_99)
FN:1049,(anonymous_100)
FN:1052,(anonymous_101)
FN:1058,(anonymous_102)
FN:1074,(anonymous_103)
FN:1077,(anonymous_104)
FN:1096,(anonymous_105)
FN:1104,(anonymous_106)
FN:1108,(anonymous_107)
FN:1109,(anonymous_108)
FNF:109
FNH:2
FNDA:1,(anonymous_0)
FNDA:0,getTableId
FNDA:0,getChartId
FNDA:0,_getOverflowToolbarBuilder
FNDA:0,_getHeaderBuilder
FNDA:0,_getFormBuilder
FNDA:0,_createSectionMatcher
FNDA:0,_anchorSectionIdMatcher
FNDA:0,_anchorSectionTextMatcher
FNDA:0,_anchorSubSectionIdMatcher
FNDA:0,_anchorSubSectionIconMatcher
FNDA:0,_anchorOverflowMatcher
FNDA:0,_createMenuActionExecutorBuilder
FNDA:0,_getObjectPageSectionSubSectionBuilder
FNDA:0,_getObjectPageSectionBuilder
FNDA:0,_getObjectPageSubSectionBuilder
FNDA:1,ObjectPage
FNDA:0,(anonymous_17)
FNDA:0,(anonymous_18)
FNDA:0,(anonymous_19)
FNDA:0,(anonymous_20)
FNDA:0,(anonymous_21)
FNDA:0,(anonymous_22)
FNDA:0,(anonymous_23)
FNDA:0,(anonymous_24)
FNDA:0,(anonymous_25)
FNDA:0,(anonymous_26)
FNDA:0,(anonymous_27)
FNDA:0,(anonymous_28)
FNDA:0,(anonymous_29)
FNDA:0,(anonymous_30)
FNDA:0,(anonymous_31)
FNDA:0,(anonymous_32)
FNDA:0,(anonymous_33)
FNDA:0,(anonymous_34)
FNDA:0,(anonymous_35)
FNDA:0,(anonymous_36)
FNDA:0,(anonymous_37)
FNDA:0,(anonymous_38)
FNDA:0,(anonymous_39)
FNDA:0,(anonymous_40)
FNDA:0,(anonymous_41)
FNDA:0,(anonymous_42)
FNDA:0,(anonymous_43)
FNDA:0,(anonymous_44)
FNDA:0,(anonymous_45)
FNDA:0,(anonymous_46)
FNDA:0,(anonymous_47)
FNDA:0,(anonymous_48)
FNDA:0,(anonymous_49)
FNDA:0,(anonymous_50)
FNDA:0,(anonymous_51)
FNDA:0,(anonymous_52)
FNDA:0,(anonymous_53)
FNDA:0,(anonymous_54)
FNDA:0,(anonymous_55)
FNDA:0,(anonymous_56)
FNDA:0,(anonymous_57)
FNDA:0,(anonymous_58)
FNDA:0,(anonymous_59)
FNDA:0,(anonymous_60)
FNDA:0,(anonymous_61)
FNDA:0,(anonymous_62)
FNDA:0,(anonymous_63)
FNDA:0,(anonymous_64)
FNDA:0,(anonymous_65)
FNDA:0,(anonymous_66)
FNDA:0,(anonymous_67)
FNDA:0,(anonymous_68)
FNDA:0,(anonymous_69)
FNDA:0,(anonymous_70)
FNDA:0,(anonymous_71)
FNDA:0,(anonymous_72)
FNDA:0,(anonymous_73)
FNDA:0,(anonymous_74)
FNDA:0,(anonymous_75)
FNDA:0,(anonymous_76)
FNDA:0,(anonymous_77)
FNDA:0,(anonymous_78)
FNDA:0,(anonymous_79)
FNDA:0,(anonymous_80)
FNDA:0,(anonymous_81)
FNDA:0,(anonymous_82)
FNDA:0,(anonymous_83)
FNDA:0,(anonymous_84)
FNDA:0,(anonymous_85)
FNDA:0,(anonymous_86)
FNDA:0,(anonymous_87)
FNDA:0,(anonymous_88)
FNDA:0,(anonymous_89)
FNDA:0,(anonymous_90)
FNDA:0,(anonymous_91)
FNDA:0,(anonymous_92)
FNDA:0,(anonymous_93)
FNDA:0,(anonymous_94)
FNDA:0,(anonymous_95)
FNDA:0,(anonymous_96)
FNDA:0,(anonymous_97)
FNDA:0,(anonymous_98)
FNDA:0,(anonymous_99)
FNDA:0,(anonymous_100)
FNDA:0,(anonymous_101)
FNDA:0,(anonymous_102)
FNDA:0,(anonymous_103)
FNDA:0,(anonymous_104)
FNDA:0,(anonymous_105)
FNDA:0,(anonymous_106)
FNDA:0,(anonymous_107)
FNDA:0,(anonymous_108)
DA:7,1
DA:45,0
DA:51,0
DA:55,0
DA:59,0
DA:63,0
DA:64,0
DA:65,0
DA:66,0
DA:67,0
DA:68,0
DA:69,0
DA:70,0
DA:73,0
DA:75,0
DA:81,0
DA:82,0
DA:83,0
DA:87,0
DA:89,0
DA:97,0
DA:104,0
DA:110,0
DA:111,0
DA:112,0
DA:116,0
DA:117,0
DA:121,0
DA:123,0
DA:127,0
DA:131,0
DA:132,0
DA:133,0
DA:137,0
DA:138,0
DA:142,0
DA:143,0
DA:145,0
DA:147,0
DA:155,0
DA:156,0
DA:157,0
DA:158,0
DA:159,0
DA:161,0
DA:165,0
DA:168,0
DA:176,0
DA:204,1
DA:205,1
DA:206,1
DA:207,1
DA:208,1
DA:209,1
DA:210,1
DA:211,1
DA:212,1
DA:213,1
DA:214,1
DA:215,1
DA:216,1
DA:217,1
DA:218,1
DA:219,1
DA:220,1
DA:221,1
DA:225,1
DA:226,1
DA:228,1
DA:249,0
DA:250,0
DA:252,0
DA:256,0
DA:257,0
DA:261,0
DA:275,0
DA:276,0
DA:286,0
DA:298,0
DA:317,0
DA:318,0
DA:319,0
DA:320,0
DA:322,0
DA:323,0
DA:328,0
DA:339,0
DA:342,0
DA:350,0
DA:358,0
DA:367,0
DA:375,0
DA:383,0
DA:386,0
DA:387,0
DA:389,0
DA:396,0
DA:399,0
DA:407,0
DA:431,0
DA:432,0
DA:433,0
DA:439,0
DA:440,0
DA:443,0
DA:449,0
DA:450,0
DA:451,0
DA:457,0
DA:458,0
DA:459,0
DA:466,0
DA:467,0
DA:474,0
DA:475,0
DA:485,0
DA:486,0
DA:488,0
DA:491,0
DA:492,0
DA:493,0
DA:497,0
DA:498,0
DA:499,0
DA:500,0
DA:502,0
DA:503,0
DA:506,0
DA:508,0
DA:512,0
DA:513,0
DA:514,0
DA:515,0
DA:516,0
DA:518,0
DA:519,0
DA:522,0
DA:524,0
DA:538,0
DA:541,0
DA:552,0
DA:561,0
DA:568,0
DA:576,0
DA:579,0
DA:585,0
DA:603,0
DA:632,0
DA:633,0
DA:635,0
DA:639,0
DA:640,0
DA:644,0
DA:658,0
DA:659,0
DA:669,0
DA:679,0
DA:698,0
DA:699,0
DA:700,0
DA:701,0
DA:703,0
DA:704,0
DA:709,0
DA:713,0
DA:724,0
DA:734,0
DA:741,0
DA:748,0
DA:755,0
DA:762,0
DA:780,0
DA:783,0
DA:784,0
DA:786,0
DA:792,0
DA:800,0
DA:803,0
DA:806,0
DA:810,0
DA:830,0
DA:831,0
DA:844,0
DA:854,0
DA:880,0
DA:881,0
DA:894,0
DA:898,0
DA:913,0
DA:921,0
DA:928,0
DA:936,0
DA:944,0
DA:952,0
DA:963,0
DA:971,0
DA:979,0
DA:983,0
DA:984,0
DA:986,0
DA:992,0
DA:1000,0
DA:1003,0
DA:1006,0
DA:1009,0
DA:1017,0
DA:1023,0
DA:1026,0
DA:1027,0
DA:1029,0
DA:1035,0
DA:1043,0
DA:1050,0
DA:1053,0
DA:1054,0
DA:1055,0
DA:1056,0
DA:1058,0
DA:1059,0
DA:1062,0
DA:1075,0
DA:1078,0
DA:1080,0
DA:1084,0
DA:1085,0
DA:1090,0
DA:1097,0
DA:1105,0
DA:1109,0
DA:1110,0
DA:1112,0
DA:1123,1
LF:232
LH:23
BRDA:45,0,0,0
BRDA:45,0,1,0
BRDA:64,1,0,0
BRDA:64,1,1,0
BRDA:67,2,0,0
BRDA:67,2,1,0
BRDA:69,3,0,0
BRDA:69,3,1,0
BRDA:81,4,0,0
BRDA:81,4,1,0
BRDA:82,5,0,0
BRDA:82,5,1,0
BRDA:82,6,0,0
BRDA:82,6,1,0
BRDA:84,7,0,0
BRDA:84,7,1,0
BRDA:110,8,0,0
BRDA:110,8,1,0
BRDA:142,9,0,0
BRDA:142,9,1,0
BRDA:156,10,0,0
BRDA:156,10,1,0
BRDA:158,11,0,0
BRDA:158,11,1,0
BRDA:249,12,0,0
BRDA:249,12,1,0
BRDA:249,13,0,0
BRDA:249,13,1,0
BRDA:256,14,0,0
BRDA:256,14,1,0
BRDA:257,15,0,0
BRDA:257,15,1,0
BRDA:275,16,0,0
BRDA:275,16,1,0
BRDA:317,17,0,0
BRDA:317,17,1,0
BRDA:318,18,0,0
BRDA:318,18,1,0
BRDA:322,19,0,0
BRDA:322,19,1,0
BRDA:323,20,0,0
BRDA:323,20,1,0
BRDA:386,21,0,0
BRDA:386,21,1,0
BRDA:485,22,0,0
BRDA:485,22,1,0
BRDA:497,23,0,0
BRDA:497,23,1,0
BRDA:498,24,0,0
BRDA:498,24,1,0
BRDA:499,25,0,0
BRDA:499,25,1,0
BRDA:512,26,0,0
BRDA:512,26,1,0
BRDA:514,27,0,0
BRDA:514,27,1,0
BRDA:515,28,0,0
BRDA:515,28,1,0
BRDA:632,29,0,0
BRDA:632,29,1,0
BRDA:632,30,0,0
BRDA:632,30,1,0
BRDA:639,31,0,0
BRDA:639,31,1,0
BRDA:640,32,0,0
BRDA:640,32,1,0
BRDA:658,33,0,0
BRDA:658,33,1,0
BRDA:698,34,0,0
BRDA:698,34,1,0
BRDA:699,35,0,0
BRDA:699,35,1,0
BRDA:703,36,0,0
BRDA:703,36,1,0
BRDA:704,37,0,0
BRDA:704,37,1,0
BRDA:1055,38,0,0
BRDA:1055,38,1,0
BRDA:1063,39,0,0
BRDA:1063,39,1,0
BRDA:1063,39,2,0
BRDA:1063,39,3,0
BRDA:1080,40,0,0
BRDA:1080,40,1,0
BRDA:1080,40,2,0
BRDA:1080,40,3,0
BRDA:1084,41,0,0
BRDA:1084,41,1,0
BRDA:1086,42,0,0
BRDA:1086,42,1,0
BRDA:1101,43,0,0
BRDA:1101,43,1,0
BRF:92
BRH:0
end_of_record
TN:
SF:../../../../../../resources/sap/fe/test/Shell.js
FN:9,(anonymous_0)
FN:12,hasTargetURL
FN:41,ShellPage
FN:55,(anonymous_3)
FN:69,(anonymous_4)
FN:72,(anonymous_5)
FN:88,(anonymous_6)
FN:92,(anonymous_7)
FN:107,(anonymous_8)
FN:122,(anonymous_9)
FN:125,(anonymous_10)
FN:129,(anonymous_11)
FN:135,(anonymous_12)
FN:142,(anonymous_13)
FN:152,(anonymous_14)
FN:160,(anonymous_15)
FN:171,(anonymous_16)
FN:181,(anonymous_17)
FN:193,(anonymous_18)
FN:196,(anonymous_19)
FN:199,(anonymous_20)
FN:201,(anonymous_21)
FN:211,(anonymous_22)
FN:214,(anonymous_23)
FN:233,(anonymous_24)
FN:259,(anonymous_25)
FN:260,_hasAllURLParameters
FN:262,(anonymous_27)
FN:278,(anonymous_28)
FN:288,(anonymous_29)
FN:295,(anonymous_30)
FNF:31
FNH:2
FNDA:1,(anonymous_0)
FNDA:0,hasTargetURL
FNDA:1,ShellPage
FNDA:0,(anonymous_3)
FNDA:0,(anonymous_4)
FNDA:0,(anonymous_5)
FNDA:0,(anonymous_6)
FNDA:0,(anonymous_7)
FNDA:0,(anonymous_8)
FNDA:0,(anonymous_9)
FNDA:0,(anonymous_10)
FNDA:0,(anonymous_11)
FNDA:0,(anonymous_12)
FNDA:0,(anonymous_13)
FNDA:0,(anonymous_14)
FNDA:0,(anonymous_15)
FNDA:0,(anonymous_16)
FNDA:0,(anonymous_17)
FNDA:0,(anonymous_18)
FNDA:0,(anonymous_19)
FNDA:0,(anonymous_20)
FNDA:0,(anonymous_21)
FNDA:0,(anonymous_22)
FNDA:0,(anonymous_23)
FNDA:0,(anonymous_24)
FNDA:0,(anonymous_25)
FNDA:0,_hasAllURLParameters
FNDA:0,(anonymous_27)
FNDA:0,(anonymous_28)
FNDA:0,(anonymous_29)
FNDA:0,(anonymous_30)
DA:7,1
DA:13,0
DA:14,0
DA:16,0
DA:17,0
DA:18,0
DA:20,0
DA:21,0
DA:28,0
DA:42,1
DA:43,1
DA:56,0
DA:70,0
DA:74,0
DA:75,0
DA:89,0
DA:93,0
DA:108,0
DA:123,0
DA:126,0
DA:130,0
DA:136,0
DA:143,0
DA:153,0
DA:161,0
DA:172,0
DA:182,0
DA:194,0
DA:197,0
DA:200,0
DA:201,0
DA:202,0
DA:203,0
DA:206,0
DA:212,0
DA:215,0
DA:234,0
DA:261,0
DA:262,0
DA:263,0
DA:264,0
DA:265,0
DA:268,0
DA:271,0
DA:273,0
DA:277,0
DA:279,0
DA:282,0
DA:283,0
DA:285,0
DA:289,0
DA:290,0
DA:291,0
DA:292,0
DA:293,0
DA:294,0
DA:295,0
DA:296,0
DA:298,0
DA:316,1
LF:60
LH:4
BRDA:17,0,0,0
BRDA:17,0,1,0
BRDA:20,1,0,0
BRDA:20,1,1,0
BRDA:24,2,0,0
BRDA:24,2,1,0
BRDA:25,3,0,0
BRDA:25,3,1,0
BRDA:42,4,0,0
BRDA:42,4,1,1
BRDA:93,5,0,0
BRDA:93,5,1,0
BRDA:202,6,0,0
BRDA:202,6,1,0
BRDA:263,7,0,0
BRDA:263,7,1,0
BRDA:264,8,0,0
BRDA:264,8,1,0
BRDA:282,9,0,0
BRDA:282,9,1,0
BRDA:282,10,0,0
BRDA:282,10,1,0
BRDA:283,11,0,0
BRDA:283,11,1,0
BRDA:283,12,0,0
BRDA:283,12,1,0
BRDA:294,13,0,0
BRDA:294,13,1,0
BRF:28
BRH:1
end_of_record
TN:
SF:../../../../../../resources/sap/fe/test/Stubs.js
FN:10,(anonymous_0)
FN:13,(anonymous_1)
FN:19,(anonymous_2)
FN:25,(anonymous_3)
FN:31,(anonymous_4)
FN:35,(anonymous_5)
FN:40,(anonymous_6)
FN:48,(anonymous_7)
FN:50,(anonymous_8)
FN:52,(anonymous_9)
FN:55,(anonymous_10)
FN:58,(anonymous_11)
FN:64,(anonymous_12)
FN:68,(anonymous_13)
FN:77,(anonymous_14)
FN:82,(anonymous_15)
FN:88,(anonymous_16)
FNF:17
FNH:13
FNDA:1,(anonymous_0)
FNDA:3,(anonymous_1)
FNDA:1,(anonymous_2)
FNDA:1,(anonymous_3)
FNDA:1,(anonymous_4)
FNDA:0,(anonymous_5)
FNDA:1,(anonymous_6)
FNDA:1,(anonymous_7)
FNDA:1,(anonymous_8)
FNDA:0,(anonymous_9)
FNDA:0,(anonymous_10)
FNDA:0,(anonymous_11)
FNDA:1,(anonymous_12)
FNDA:1,(anonymous_13)
FNDA:1,(anonymous_14)
FNDA:1,(anonymous_15)
FNDA:1,(anonymous_16)
DA:10,1
DA:12,1
DA:14,3
DA:15,1
DA:20,1
DA:21,1
DA:22,1
DA:26,1
DA:27,1
DA:28,1
DA:32,1
DA:34,1
DA:35,1
DA:36,0
DA:41,1
DA:42,0
DA:44,1
DA:45,1
DA:49,1
DA:50,1
DA:51,1
DA:52,1
DA:53,0
DA:55,1
DA:56,0
DA:58,1
DA:59,0
DA:60,0
DA:65,1
DA:66,0
DA:68,1
DA:69,1
DA:70,1
DA:71,1
DA:72,1
DA:73,1
DA:78,1
DA:82,1
DA:83,1
DA:84,1
DA:89,1
DA:90,0
DA:93,1
DA:94,1
DA:95,1
DA:99,1
LF:46
LH:38
BRDA:14,0,0,1
BRDA:14,0,1,2
BRDA:41,1,0,0
BRDA:41,1,1,1
BRDA:41,2,0,1
BRDA:41,2,1,1
BRDA:65,3,0,0
BRDA:65,3,1,1
BRDA:65,4,0,1
BRDA:65,4,1,1
BRDA:89,5,0,0
BRDA:89,5,1,1
BRDA:89,6,0,1
BRDA:89,6,1,1
BRF:14
BRH:11
end_of_record
TN:
SF:../../../../../../resources/sap/fe/test/TemplatePage.js
FN:39,(anonymous_0)
FN:72,_getTableBuilder
FN:82,_getFilterBarBuilder
FN:86,_getDialogAPI
FN:221,generateOnDialogShortcuts
FN:223,(anonymous_5)
FN:224,(anonymous_6)
FN:240,TemplatePage
FN:256,(anonymous_8)
FN:259,(anonymous_9)
FN:262,(anonymous_10)
FN:273,(anonymous_11)
FN:276,(anonymous_12)
FN:285,(anonymous_13)
FN:290,(anonymous_14)
FN:298,(anonymous_15)
FN:331,(anonymous_16)
FN:334,(anonymous_17)
FN:337,(anonymous_18)
FN:348,(anonymous_19)
FN:358,(anonymous_20)
FN:362,(anonymous_21)
FN:379,(anonymous_22)
FN:382,(anonymous_23)
FN:391,(anonymous_24)
FN:398,(anonymous_25)
FN:414,(anonymous_26)
FN:422,(anonymous_27)
FN:425,(anonymous_28)
FN:440,(anonymous_29)
FN:453,(anonymous_30)
FN:456,(anonymous_31)
FN:463,(anonymous_32)
FN:471,(anonymous_33)
FN:478,(anonymous_34)
FN:491,(anonymous_35)
FN:497,(anonymous_36)
FN:505,(anonymous_37)
FNF:38
FNH:6
FNDA:1,(anonymous_0)
FNDA:0,_getTableBuilder
FNDA:0,_getFilterBarBuilder
FNDA:0,_getDialogAPI
FNDA:4,generateOnDialogShortcuts
FNDA:28,(anonymous_5)
FNDA:0,(anonymous_6)
FNDA:2,TemplatePage
FNDA:0,(anonymous_8)
FNDA:0,(anonymous_9)
FNDA:0,(anonymous_10)
FNDA:0,(anonymous_11)
FNDA:0,(anonymous_12)
FNDA:0,(anonymous_13)
FNDA:0,(anonymous_14)
FNDA:0,(anonymous_15)
FNDA:0,(anonymous_16)
FNDA:0,(anonymous_17)
FNDA:0,(anonymous_18)
FNDA:0,(anonymous_19)
FNDA:1,(anonymous_20)
FNDA:1,(anonymous_21)
FNDA:0,(anonymous_22)
FNDA:0,(anonymous_23)
FNDA:0,(anonymous_24)
FNDA:0,(anonymous_25)
FNDA:0,(anonymous_26)
FNDA:0,(anonymous_27)
FNDA:0,(anonymous_28)
FNDA:0,(anonymous_29)
FNDA:0,(anonymous_30)
FNDA:0,(anonymous_31)
FNDA:0,(anonymous_32)
FNDA:0,(anonymous_33)
FNDA:0,(anonymous_34)
FNDA:0,(anonymous_35)
FNDA:0,(anonymous_36)
FNDA:0,(anonymous_37)
DA:7,1
DA:73,0
DA:74,0
DA:75,0
DA:77,0
DA:79,0
DA:83,0
DA:87,0
DA:88,0
DA:91,0
DA:92,0
DA:95,0
DA:96,0
DA:104,0
DA:108,0
DA:112,0
DA:117,0
DA:121,0
DA:125,0
DA:129,0
DA:222,4
DA:223,4
DA:224,28
DA:225,0
DA:228,4
DA:241,2
DA:242,2
DA:244,2
DA:257,0
DA:260,0
DA:263,0
DA:274,0
DA:277,0
DA:278,0
DA:286,0
DA:291,0
DA:292,0
DA:293,0
DA:299,0
DA:304,0
DA:309,0
DA:332,0
DA:335,0
DA:338,0
DA:349,0
DA:359,1
DA:364,1
DA:365,1
DA:366,1
DA:367,2
DA:370,1
DA:380,0
DA:383,0
DA:392,0
DA:396,0
DA:399,0
DA:400,0
DA:401,0
DA:405,0
DA:407,0
DA:415,0
DA:423,0
DA:426,0
DA:441,0
DA:454,0
DA:457,0
DA:464,0
DA:472,0
DA:479,0
DA:480,0
DA:482,0
DA:492,0
DA:498,0
DA:506,0
DA:521,1
LF:75
LH:15
BRDA:74,0,0,0
BRDA:74,0,1,0
BRDA:87,1,0,0
BRDA:87,1,1,0
BRDA:92,2,0,0
BRDA:92,2,1,0
BRDA:92,2,2,0
BRDA:92,2,3,0
BRDA:92,2,4,0
BRDA:92,2,5,0
BRDA:95,3,0,0
BRDA:95,3,1,0
BRDA:104,4,0,0
BRDA:104,4,1,0
BRDA:112,5,0,0
BRDA:112,5,1,0
BRDA:117,6,0,0
BRDA:117,6,1,0
BRDA:121,7,0,0
BRDA:121,7,1,0
BRDA:125,8,0,0
BRDA:125,8,1,0
BRDA:129,9,0,0
BRDA:129,9,1,0
BRDA:241,10,0,2
BRDA:241,10,1,0
BRDA:288,11,0,0
BRDA:288,11,1,0
BRDA:313,12,0,0
BRDA:313,12,1,0
BRDA:317,13,0,0
BRDA:317,13,1,0
BRDA:401,14,0,0
BRDA:401,14,1,0
BRDA:433,15,0,0
BRDA:433,15,1,0
BRDA:447,16,0,0
BRDA:447,16,1,0
BRDA:450,17,0,0
BRDA:450,17,1,0
BRDA:479,18,0,0
BRDA:479,18,1,0
BRF:42
BRH:1
end_of_record
TN:
SF:../../../../../../resources/sap/fe/test/Utils.js
FN:9,(anonymous_0)
FN:14,(anonymous_1)
FN:25,(anonymous_2)
FN:47,(anonymous_3)
FN:54,(anonymous_4)
FN:152,(anonymous_5)
FN:155,(anonymous_6)
FN:191,(anonymous_7)
FN:195,(anonymous_8)
FN:202,(anonymous_9)
FN:212,(anonymous_10)
FN:220,(anonymous_11)
FN:231,(anonymous_12)
FN:241,(anonymous_13)
FN:242,(anonymous_14)
FN:248,(anonymous_15)
FN:252,(anonymous_16)
FN:263,(anonymous_17)
FNF:18
FNH:7
FNDA:1,(anonymous_0)
FNDA:0,(anonymous_1)
FNDA:0,(anonymous_2)
FNDA:0,(anonymous_3)
FNDA:0,(anonymous_4)
FNDA:11,(anonymous_5)
FNDA:13,(anonymous_6)
FNDA:0,(anonymous_7)
FNDA:0,(anonymous_8)
FNDA:0,(anonymous_9)
FNDA:2,(anonymous_10)
FNDA:0,(anonymous_11)
FNDA:0,(anonymous_12)
FNDA:2,(anonymous_13)
FNDA:2,(anonymous_14)
FNDA:11,(anonymous_15)
FNDA:0,(anonymous_16)
FNDA:0,(anonymous_17)
DA:7,1
DA:12,1
DA:14,1
DA:15,0
DA:16,0
DA:17,0
DA:18,0
DA:20,0
DA:21,0
DA:22,0
DA:24,0
DA:25,0
DA:26,0
DA:27,0
DA:29,0
DA:30,0
DA:36,0
DA:37,0
DA:38,0
DA:39,0
DA:42,0
DA:44,0
DA:47,1
DA:49,0
DA:50,0
DA:51,0
DA:54,1
DA:55,0
DA:149,0
DA:152,1
DA:153,11
DA:155,11
DA:156,13
DA:157,0
DA:160,13
DA:161,4
DA:164,9
DA:165,0
DA:168,9
DA:169,9
DA:170,0
DA:172,9
DA:173,2
DA:175,7
DA:176,3
DA:178,4
DA:179,3
DA:181,1
DA:182,0
DA:184,1
DA:187,0
DA:191,1
DA:192,0
DA:195,1
DA:196,0
DA:198,0
DA:199,0
DA:202,0
DA:203,0
DA:204,0
DA:206,0
DA:208,0
DA:212,1
DA:213,2
DA:214,0
DA:216,2
DA:217,0
DA:221,0
DA:227,2
DA:228,0
DA:232,0
DA:238,2
DA:241,1
DA:242,2
DA:243,2
DA:245,2
DA:248,1
DA:249,11
DA:252,1
DA:253,0
DA:254,0
DA:256,0
DA:257,0
DA:258,0
DA:260,0
DA:263,1
DA:264,0
DA:265,0
DA:266,0
DA:267,0
DA:269,0
DA:272,0
DA:273,0
DA:274,0
DA:275,0
DA:276,0
DA:278,0
DA:281,0
DA:284,1
LF:99
LH:38
BRDA:16,0,0,0
BRDA:16,0,1,0
BRDA:24,1,0,0
BRDA:24,1,1,0
BRDA:26,2,0,0
BRDA:26,2,1,0
BRDA:38,3,0,0
BRDA:38,3,1,0
BRDA:50,4,0,0
BRDA:50,4,1,0
BRDA:153,5,0,2
BRDA:153,5,1,9
BRDA:156,6,0,0
BRDA:156,6,1,13
BRDA:160,7,0,4
BRDA:160,7,1,9
BRDA:160,8,0,13
BRDA:160,8,1,11
BRDA:164,9,0,0
BRDA:164,9,1,9
BRDA:164,10,0,9
BRDA:164,10,1,9
BRDA:168,11,0,9
BRDA:168,11,1,0
BRDA:169,12,0,0
BRDA:169,12,1,9
BRDA:172,13,0,2
BRDA:172,13,1,7
BRDA:175,14,0,3
BRDA:175,14,1,4
BRDA:176,15,0,3
BRDA:176,15,1,1
BRDA:178,16,0,3
BRDA:178,16,1,1
BRDA:179,17,0,3
BRDA:179,17,1,1
BRDA:181,18,0,0
BRDA:181,18,1,1
BRDA:198,19,0,0
BRDA:198,19,1,0
BRDA:198,20,0,0
BRDA:198,20,1,0
BRDA:203,21,0,0
BRDA:203,21,1,0
BRDA:213,22,0,0
BRDA:213,22,1,2
BRDA:216,23,0,0
BRDA:216,23,1,2
BRDA:227,24,0,0
BRDA:227,24,1,2
BRDA:245,25,0,2
BRDA:245,25,1,2
BRDA:253,26,0,0
BRDA:253,26,1,0
BRDA:257,27,0,0
BRDA:257,27,1,0
BRDA:264,28,0,0
BRDA:264,28,1,0
BRDA:266,29,0,0
BRDA:266,29,1,0
BRDA:272,30,0,0
BRDA:272,30,1,0
BRDA:273,31,0,0
BRDA:273,31,1,0
BRDA:274,32,0,0
BRDA:274,32,1,0
BRDA:275,33,0,0
BRDA:275,33,1,0
BRF:68
BRH:28
end_of_record
TN:
SF:../../../../../../resources/sap/fe/test/api/APIHelper.js
FN:7,(anonymous_0)
FN:11,(anonymous_1)
FN:17,(anonymous_2)
FN:37,(anonymous_3)
FN:43,(anonymous_4)
FN:47,(anonymous_5)
FN:75,(anonymous_6)
FN:88,(anonymous_7)
FN:100,(anonymous_8)
FNF:9
FNH:1
FNDA:1,(anonymous_0)
FNDA:0,(anonymous_1)
FNDA:0,(anonymous_2)
FNDA:0,(anonymous_3)
FNDA:0,(anonymous_4)
FNDA:0,(anonymous_5)
FNDA:0,(anonymous_6)
FNDA:0,(anonymous_7)
FNDA:0,(anonymous_8)
DA:7,1
DA:10,1
DA:12,0
DA:18,0
DA:38,0
DA:44,0
DA:49,0
DA:50,0
DA:52,0
DA:53,0
DA:54,0
DA:55,0
DA:56,0
DA:65,0
DA:70,0
DA:72,0
DA:76,0
DA:77,0
DA:80,0
DA:89,0
DA:90,0
DA:93,0
DA:101,0
DA:102,0
DA:105,0
DA:114,1
LF:26
LH:3
BRDA:49,0,0,0
BRDA:49,0,1,0
BRDA:52,1,0,0
BRDA:52,1,1,0
BRDA:53,2,0,0
BRDA:53,2,1,0
BRDA:65,3,0,0
BRDA:65,3,1,0
BRDA:76,4,0,0
BRDA:76,4,1,0
BRDA:89,5,0,0
BRDA:89,5,1,0
BRDA:101,6,0,0
BRDA:101,6,1,0
BRF:14
BRH:0
end_of_record
TN:
SF:../../../../../../resources/sap/fe/test/api/BaseAPI.js
FN:9,(anonymous_0)
FN:94,_findParentChainFunction
FN:102,(anonymous_2)
FN:124,(anonymous_3)
FN:134,(anonymous_4)
FN:138,(anonymous_5)
FN:142,(anonymous_6)
FN:157,(anonymous_7)
FN:184,(anonymous_8)
FN:200,(anonymous_9)
FN:226,(anonymous_10)
FN:259,(anonymous_11)
FNF:12
FNH:1
FNDA:1,(anonymous_0)
FNDA:0,_findParentChainFunction
FNDA:0,(anonymous_2)
FNDA:0,(anonymous_3)
FNDA:0,(anonymous_4)
FNDA:0,(anonymous_5)
FNDA:0,(anonymous_6)
FNDA:0,(anonymous_7)
FNDA:0,(anonymous_8)
FNDA:0,(anonymous_9)
FNDA:0,(anonymous_10)
FNDA:0,(anonymous_11)
DA:7,1
DA:95,0
DA:96,0
DA:97,0
DA:99,0
DA:102,1
DA:103,0
DA:104,0
DA:107,1
DA:116,1
DA:124,1
DA:125,0
DA:134,1
DA:135,0
DA:138,1
DA:139,0
DA:142,1
DA:143,0
DA:144,0
DA:145,0
DA:146,0
DA:148,0
DA:157,1
DA:160,0
DA:161,0
DA:162,0
DA:163,0
DA:165,0
DA:173,0
DA:175,0
DA:184,1
DA:186,0
DA:187,0
DA:188,0
DA:189,0
DA:196,0
DA:198,0
DA:201,0
DA:207,0
DA:213,0
DA:215,0
DA:226,1
DA:228,0
DA:229,0
DA:230,0
DA:231,0
DA:234,0
DA:236,0
DA:238,0
DA:241,0
DA:243,0
DA:259,1
DA:261,0
DA:262,0
DA:263,0
DA:264,0
DA:266,0
DA:274,0
DA:276,0
DA:279,1
LF:60
LH:13
BRDA:96,0,0,0
BRDA:96,0,1,0
BRDA:143,1,0,0
BRDA:143,1,1,0
BRDA:145,2,0,0
BRDA:145,2,1,0
BRDA:146,3,0,0
BRDA:146,3,1,0
BRDA:160,4,0,0
BRDA:160,4,1,0
BRDA:161,5,0,0
BRDA:161,5,1,0
BRDA:161,6,0,0
BRDA:161,6,1,0
BRDA:162,7,0,0
BRDA:162,7,1,0
BRDA:186,8,0,0
BRDA:186,8,1,0
BRDA:187,9,0,0
BRDA:187,9,1,0
BRDA:188,10,0,0
BRDA:188,10,1,0
BRDA:228,11,0,0
BRDA:228,11,1,0
BRDA:229,12,0,0
BRDA:229,12,1,0
BRDA:229,13,0,0
BRDA:229,13,1,0
BRDA:230,14,0,0
BRDA:230,14,1,0
BRDA:261,15,0,0
BRDA:261,15,1,0
BRDA:262,16,0,0
BRDA:262,16,1,0
BRDA:262,17,0,0
BRDA:262,17,1,0
BRF:36
BRH:0
end_of_record
TN:
SF:../../../../../../resources/sap/fe/test/api/ChartActions.js
FN:9,(anonymous_0)
FN:22,(anonymous_1)
FN:43,(anonymous_2)
FN:51,(anonymous_3)
FN:72,(anonymous_4)
FN:79,(anonymous_5)
FN:93,(anonymous_6)
FN:100,(anonymous_7)
FN:114,(anonymous_8)
FNF:9
FNH:1
FNDA:1,(anonymous_0)
FNDA:0,(anonymous_1)
FNDA:0,(anonymous_2)
FNDA:0,(anonymous_3)
FNDA:0,(anonymous_4)
FNDA:0,(anonymous_5)
FNDA:0,(anonymous_6)
FNDA:0,(anonymous_7)
FNDA:0,(anonymous_8)
DA:7,1
DA:22,1
DA:23,0
DA:25,1
DA:26,1
DA:27,1
DA:43,1
DA:44,0
DA:45,0
DA:47,0
DA:49,0
DA:53,0
DA:54,0
DA:55,0
DA:62,0
DA:66,0
DA:72,1
DA:73,0
DA:80,0
DA:93,1
DA:94,0
DA:101,0
DA:114,1
DA:115,0
DA:125,1
LF:25
LH:10
BRDA:44,0,0,0
BRDA:44,0,1,0
BRDA:54,1,0,0
BRDA:54,1,1,0
BRDA:55,2,0,0
BRDA:55,2,1,0
BRF:6
BRH:0
end_of_record
TN:
SF:../../../../../../resources/sap/fe/test/api/ChartAssertions.js
FN:9,(anonymous_0)
FN:23,(anonymous_1)
FN:30,(anonymous_2)
FN:33,(anonymous_3)
FN:55,(anonymous_4)
FN:58,(anonymous_5)
FN:65,(anonymous_6)
FN:68,(anonymous_7)
FN:75,(anonymous_8)
FN:83,(anonymous_9)
FN:86,(anonymous_10)
FN:92,(anonymous_11)
FN:95,(anonymous_12)
FN:102,(anonymous_13)
FN:105,(anonymous_14)
FN:112,(anonymous_15)
FN:120,(anonymous_16)
FNF:17
FNH:1
FNDA:1,(anonymous_0)
FNDA:0,(anonymous_1)
FNDA:0,(anonymous_2)
FNDA:0,(anonymous_3)
FNDA:0,(anonymous_4)
FNDA:0,(anonymous_5)
FNDA:0,(anonymous_6)
FNDA:0,(anonymous_7)
FNDA:0,(anonymous_8)
FNDA:0,(anonymous_9)
FNDA:0,(anonymous_10)
FNDA:0,(anonymous_11)
FNDA:0,(anonymous_12)
FNDA:0,(anonymous_13)
FNDA:0,(anonymous_14)
FNDA:0,(anonymous_15)
FNDA:0,(anonymous_16)
DA:7,1
DA:12,1
DA:23,1
DA:24,0
DA:26,1
DA:27,1
DA:28,1
DA:30,1
DA:31,0
DA:35,0
DA:36,0
DA:37,0
DA:38,0
DA:39,0
DA:43,0
DA:45,0
DA:46,0
DA:55,1
DA:56,0
DA:59,0
DA:65,1
DA:66,0
DA:69,0
DA:75,1
DA:76,0
DA:83,1
DA:84,0
DA:87,0
DA:92,1
DA:93,0
DA:96,0
DA:102,1
DA:103,0
DA:106,0
DA:112,1
DA:113,0
DA:120,1
DA:121,0
DA:124,1
LF:39
LH:16
BRDA:35,0,0,0
BRDA:35,0,1,0
BRDA:35,1,0,0
BRDA:35,1,1,0
BRDA:35,1,2,0
BRDA:37,2,0,0
BRDA:37,2,1,0
BRDA:47,3,0,0
BRDA:47,3,1,0
BRDA:47,3,2,0
BRDA:47,3,3,0
BRDA:47,4,0,0
BRDA:47,4,1,0
BRF:13
BRH:0
end_of_record
TN:
SF:../../../../../../resources/sap/fe/test/api/DialogAPI.js
FN:15,(anonymous_0)
FN:27,(anonymous_1)
FN:45,(anonymous_2)
FN:67,(anonymous_3)
FN:75,(anonymous_4)
FN:77,(anonymous_5)
FN:84,(anonymous_6)
FN:86,(anonymous_7)
FN:95,(anonymous_8)
FN:97,(anonymous_9)
FNF:10
FNH:1
FNDA:1,(anonymous_0)
FNDA:0,(anonymous_1)
FNDA:0,(anonymous_2)
FNDA:0,(anonymous_3)
FNDA:0,(anonymous_4)
FNDA:0,(anonymous_5)
FNDA:0,(anonymous_6)
FNDA:0,(anonymous_7)
FNDA:0,(anonymous_8)
FNDA:0,(anonymous_9)
DA:7,1
DA:27,1
DA:28,0
DA:29,0
DA:31,0
DA:32,0
DA:33,0
DA:35,1
DA:36,1
DA:45,1
DA:47,0
DA:48,0
DA:49,0
DA:54,0
DA:59,0
DA:64,0
DA:67,1
DA:68,0
DA:69,0
DA:75,1
DA:76,0
DA:77,0
DA:78,0
DA:80,0
DA:84,1
DA:85,0
DA:86,0
DA:87,0
DA:89,0
DA:95,1
DA:96,0
DA:97,0
DA:98,0
DA:100,0
DA:104,1
LF:35
LH:10
BRDA:28,0,0,0
BRDA:28,0,1,0
BRDA:31,1,0,0
BRDA:31,1,1,0
BRDA:47,2,0,0
BRDA:47,2,1,0
BRDA:48,3,0,0
BRDA:48,3,1,0
BRDA:50,4,0,0
BRDA:50,4,1,0
BRDA:50,5,0,0
BRDA:50,5,1,0
BRDA:89,6,0,0
BRDA:89,6,1,0
BRF:14
BRH:0
end_of_record
TN:
SF:../../../../../../resources/sap/fe/test/api/DialogActions.js
FN:7,(anonymous_0)
FN:21,(anonymous_1)
FN:33,(anonymous_2)
FN:47,(anonymous_3)
FN:61,(anonymous_4)
FN:78,(anonymous_5)
FN:106,(anonymous_6)
FN:116,(anonymous_7)
FNF:8
FNH:1
FNDA:1,(anonymous_0)
FNDA:0,(anonymous_1)
FNDA:0,(anonymous_2)
FNDA:0,(anonymous_3)
FNDA:0,(anonymous_4)
FNDA:0,(anonymous_5)
FNDA:0,(anonymous_6)
FNDA:0,(anonymous_7)
DA:7,1
DA:21,1
DA:22,0
DA:24,1
DA:25,1
DA:26,1
DA:33,1
DA:34,0
DA:47,1
DA:48,0
DA:61,1
DA:62,0
DA:78,1
DA:79,0
DA:80,0
DA:106,1
DA:107,0
DA:116,1
DA:117,0
DA:125,1
LF:20
LH:12
BRF:0
BRH:0
end_of_record
TN:
SF:../../../../../../resources/sap/fe/test/api/DialogAssertions.js
FN:7,(anonymous_0)
FN:21,(anonymous_1)
FN:34,(anonymous_2)
FN:49,(anonymous_3)
FN:70,(anonymous_4)
FN:99,(anonymous_5)
FN:132,(anonymous_6)
FNF:7
FNH:1
FNDA:1,(anonymous_0)
FNDA:0,(anonymous_1)
FNDA:0,(anonymous_2)
FNDA:0,(anonymous_3)
FNDA:0,(anonymous_4)
FNDA:0,(anonymous_5)
FNDA:0,(anonymous_6)
DA:7,1
DA:21,1
DA:22,0
DA:24,1
DA:25,1
DA:26,1
DA:34,1
DA:35,0
DA:49,1
DA:50,0
DA:70,1
DA:71,0
DA:99,1
DA:100,0
DA:101,0
DA:132,1
DA:133,0
DA:136,1
LF:18
LH:11
BRF:0
BRH:0
end_of_record
TN:
SF:../../../../../../resources/sap/fe/test/api/DialogCreateActions.js
FN:7,(anonymous_0)
FN:21,(anonymous_1)
FN:33,(anonymous_2)
FNF:3
FNH:1
FNDA:1,(anonymous_0)
FNDA:0,(anonymous_1)
FNDA:0,(anonymous_2)
DA:7,1
DA:21,1
DA:22,0
DA:24,1
DA:25,1
DA:26,1
DA:33,1
DA:34,0
DA:44,1
LF:9
LH:7
BRF:0
BRH:0
end_of_record
TN:
SF:../../../../../../resources/sap/fe/test/api/DialogCreateAssertions.js
FN:9,(anonymous_0)
FN:23,(anonymous_1)
FN:36,(anonymous_2)
FNF:3
FNH:1
FNDA:1,(anonymous_0)
FNDA:0,(anonymous_1)
FNDA:0,(anonymous_2)
DA:7,1
DA:23,1
DA:24,0
DA:26,1
DA:27,1
DA:28,1
DA:36,1
DA:37,0
DA:54,1
LF:9
LH:7
BRF:0
BRH:0
end_of_record
TN:
SF:../../../../../../resources/sap/fe/test/api/DialogMassEditActions.js
FN:9,(anonymous_0)
FN:23,(anonymous_1)
FN:56,(anonymous_2)
FN:69,(anonymous_3)
FNF:4
FNH:1
FNDA:1,(anonymous_0)
FNDA:0,(anonymous_1)
FNDA:0,(anonymous_2)
FNDA:0,(anonymous_3)
DA:7,1
DA:23,1
DA:24,0
DA:26,1
DA:27,1
DA:28,1
DA:56,1
DA:57,0
DA:58,0
DA:59,0
DA:60,0
DA:62,0
DA:71,0
DA:72,0
DA:73,0
DA:74,0
DA:88,0
DA:89,0
DA:103,0
DA:110,1
LF:20
LH:7
BRDA:58,0,0,0
BRDA:58,0,1,0
BRDA:59,1,0,0
BRDA:59,1,1,0
BRDA:59,2,0,0
BRDA:59,2,1,0
BRDA:73,3,0,0
BRDA:73,3,1,0
BRDA:88,4,0,0
BRDA:88,4,1,0
BRDA:88,5,0,0
BRDA:88,5,1,0
BRF:12
BRH:0
end_of_record
TN:
SF:../../../../../../resources/sap/fe/test/api/DialogMassEditAssertions.js
FN:9,(anonymous_0)
FN:23,(anonymous_1)
FN:56,(anonymous_2)
FN:76,(anonymous_3)
FN:83,(anonymous_4)
FN:90,(anonymous_5)
FN:124,(anonymous_6)
FN:144,(anonymous_7)
FN:154,(anonymous_8)
FNF:9
FNH:1
FNDA:1,(anonymous_0)
FNDA:0,(anonymous_1)
FNDA:0,(anonymous_2)
FNDA:0,(anonymous_3)
FNDA:0,(anonymous_4)
FNDA:0,(anonymous_5)
FNDA:0,(anonymous_6)
FNDA:0,(anonymous_7)
FNDA:0,(anonymous_8)
DA:7,1
DA:23,1
DA:24,0
DA:26,1
DA:27,1
DA:28,1
DA:56,1
DA:57,0
DA:58,0
DA:60,0
DA:62,0
DA:65,0
DA:66,0
DA:67,0
DA:68,0
DA:70,0
DA:71,0
DA:73,0
DA:77,0
DA:78,0
DA:84,0
DA:85,0
DA:87,0
DA:88,0
DA:89,0
DA:90,0
DA:91,0
DA:95,0
DA:111,0
DA:124,1
DA:131,0
DA:132,0
DA:134,0
DA:136,0
DA:138,0
DA:145,0
DA:146,0
DA:147,0
DA:149,0
DA:153,0
DA:154,0
DA:155,0
DA:157,0
DA:159,0
DA:161,0
DA:168,1
LF:46
LH:8
BRDA:58,0,0,0
BRDA:58,0,1,0
BRDA:60,1,0,0
BRDA:60,1,1,0
BRDA:61,2,0,0
BRDA:61,2,1,0
BRDA:61,3,0,0
BRDA:61,3,1,0
BRDA:68,4,0,0
BRDA:68,4,1,0
BRDA:68,5,0,0
BRDA:68,5,1,0
BRDA:77,6,0,0
BRDA:77,6,1,0
BRDA:77,6,2,0
BRDA:79,7,0,0
BRDA:79,7,1,0
BRDA:79,7,2,0
BRDA:87,8,0,0
BRDA:87,8,1,0
BRDA:89,9,0,0
BRDA:89,9,1,0
BRDA:91,10,0,0
BRDA:91,10,1,0
BRDA:132,11,0,0
BRDA:132,11,1,0
BRDA:134,12,0,0
BRDA:134,12,1,0
BRDA:135,13,0,0
BRDA:135,13,1,0
BRDA:135,14,0,0
BRDA:135,14,1,0
BRDA:146,15,0,0
BRDA:146,15,1,0
BRDA:147,16,0,0
BRDA:147,16,1,0
BRDA:147,16,2,0
BRDA:149,17,0,0
BRDA:149,17,1,0
BRDA:150,18,0,0
BRDA:150,18,1,0
BRDA:150,18,2,0
BRDA:154,19,0,0
BRDA:154,19,1,0
BRF:44
BRH:0
end_of_record
TN:
SF:../../../../../../resources/sap/fe/test/api/DialogMessageActions.js
FN:9,(anonymous_0)
FN:23,(anonymous_1)
FN:35,(anonymous_2)
FN:49,(anonymous_3)
FN:64,(anonymous_4)
FN:73,(anonymous_5)
FN:74,(anonymous_6)
FNF:7
FNH:1
FNDA:1,(anonymous_0)
FNDA:0,(anonymous_1)
FNDA:0,(anonymous_2)
FNDA:0,(anonymous_3)
FNDA:0,(anonymous_4)
FNDA:0,(anonymous_5)
FNDA:0,(anonymous_6)
DA:7,1
DA:23,1
DA:24,0
DA:26,1
DA:27,1
DA:28,1
DA:35,1
DA:36,0
DA:49,1
DA:50,0
DA:64,1
DA:68,0
DA:74,0
DA:75,0
DA:84,1
LF:15
LH:9
BRF:0
BRH:0
end_of_record
TN:
SF:../../../../../../resources/sap/fe/test/api/DialogMessageAssertions.js
FN:9,(anonymous_0)
FN:23,(anonymous_1)
FN:36,(anonymous_2)
FN:53,(anonymous_3)
FN:74,(anonymous_4)
FNF:5
FNH:1
FNDA:1,(anonymous_0)
FNDA:0,(anonymous_1)
FNDA:0,(anonymous_2)
FNDA:0,(anonymous_3)
FNDA:0,(anonymous_4)
DA:7,1
DA:23,1
DA:24,0
DA:26,1
DA:27,1
DA:28,1
DA:36,1
DA:37,0
DA:53,1
DA:54,0
DA:74,1
DA:75,0
DA:84,1
LF:13
LH:9
BRF:0
BRH:0
end_of_record
TN:
SF:../../../../../../resources/sap/fe/test/api/DialogType.js
FN:9,(anonymous_0)
FNF:1
FNH:1
FNDA:1,(anonymous_0)
DA:7,1
DA:18,1
LF:2
LH:2
BRF:0
BRH:0
end_of_record
TN:
SF:../../../../../../resources/sap/fe/test/api/DialogValueHelpActions.js
FN:19,(anonymous_0)
FN:33,(anonymous_1)
FN:45,(anonymous_2)
FN:62,(anonymous_3)
FN:79,(anonymous_4)
FN:97,(anonymous_5)
FN:115,(anonymous_6)
FN:128,(anonymous_7)
FN:144,(anonymous_8)
FN:180,(anonymous_9)
FN:206,(anonymous_10)
FN:219,(anonymous_11)
FN:233,(anonymous_12)
FN:260,(anonymous_13)
FN:266,(anonymous_14)
FNF:15
FNH:1
FNDA:1,(anonymous_0)
FNDA:0,(anonymous_1)
FNDA:0,(anonymous_2)
FNDA:0,(anonymous_3)
FNDA:0,(anonymous_4)
FNDA:0,(anonymous_5)
FNDA:0,(anonymous_6)
FNDA:0,(anonymous_7)
FNDA:0,(anonymous_8)
FNDA:0,(anonymous_9)
FNDA:0,(anonymous_10)
FNDA:0,(anonymous_11)
FNDA:0,(anonymous_12)
FNDA:0,(anonymous_13)
FNDA:0,(anonymous_14)
DA:7,1
DA:33,1
DA:34,0
DA:36,1
DA:37,1
DA:38,1
DA:45,1
DA:46,0
DA:62,1
DA:63,0
DA:79,1
DA:80,0
DA:97,1
DA:98,0
DA:102,0
DA:115,1
DA:116,0
DA:120,0
DA:128,1
DA:129,0
DA:133,0
DA:144,1
DA:145,0
DA:146,0
DA:149,0
DA:151,0
DA:180,1
DA:181,0
DA:182,0
DA:183,0
DA:206,1
DA:207,0
DA:219,1
DA:220,0
DA:221,0
DA:222,0
DA:223,0
DA:229,0
DA:234,0
DA:235,0
DA:236,0
DA:238,0
DA:240,0
DA:260,1
DA:261,0
DA:262,0
DA:267,0
DA:268,0
DA:269,0
DA:282,1
LF:50
LH:17
BRDA:207,0,0,0
BRDA:207,0,1,0
BRDA:220,1,0,0
BRDA:220,1,1,0
BRDA:222,2,0,0
BRDA:222,2,1,0
BRDA:222,3,0,0
BRDA:222,3,1,0
BRDA:235,4,0,0
BRDA:235,4,1,0
BRDA:246,5,0,0
BRDA:246,5,1,0
BRDA:261,6,0,0
BRDA:261,6,1,0
BRF:14
BRH:0
end_of_record
TN:
SF:../../../../../../resources/sap/fe/test/api/DialogValueHelpAssertions.js
FN:18,(anonymous_0)
FN:32,(anonymous_1)
FN:45,(anonymous_2)
FN:72,(anonymous_3)
FN:106,(anonymous_4)
FN:132,(anonymous_5)
FN:165,(anonymous_6)
FN:174,(anonymous_7)
FN:200,_checkIconTabBarBuilder
FN:207,(anonymous_9)
FN:217,(anonymous_10)
FN:220,(anonymous_11)
FN:226,(anonymous_12)
FN:242,(anonymous_13)
FN:267,(anonymous_14)
FN:292,(anonymous_15)
FN:297,(anonymous_16)
FN:308,(anonymous_17)
FNF:18
FNH:1
FNDA:1,(anonymous_0)
FNDA:0,(anonymous_1)
FNDA:0,(anonymous_2)
FNDA:0,(anonymous_3)
FNDA:0,(anonymous_4)
FNDA:0,(anonymous_5)
FNDA:0,(anonymous_6)
FNDA:0,(anonymous_7)
FNDA:0,_checkIconTabBarBuilder
FNDA:0,(anonymous_9)
FNDA:0,(anonymous_10)
FNDA:0,(anonymous_11)
FNDA:0,(anonymous_12)
FNDA:0,(anonymous_13)
FNDA:0,(anonymous_14)
FNDA:0,(anonymous_15)
FNDA:0,(anonymous_16)
FNDA:0,(anonymous_17)
DA:7,1
DA:32,1
DA:33,0
DA:35,1
DA:36,1
DA:37,1
DA:45,1
DA:46,0
DA:72,1
DA:73,0
DA:74,0
DA:77,0
DA:79,0
DA:80,0
DA:83,0
DA:106,1
DA:107,0
DA:108,0
DA:111,0
DA:132,1
DA:133,0
DA:165,1
DA:166,0
DA:167,0
DA:168,0
DA:169,0
DA:172,0
DA:174,0
DA:175,0
DA:179,0
DA:185,0
DA:201,0
DA:203,0
DA:204,0
DA:210,0
DA:211,0
DA:212,0
DA:214,0
DA:218,0
DA:221,0
DA:227,0
DA:230,0
DA:232,0
DA:242,1
DA:243,0
DA:244,0
DA:245,0
DA:247,0
DA:267,1
DA:268,0
DA:269,0
DA:270,0
DA:272,0
DA:292,1
DA:293,0
DA:295,0
DA:298,0
DA:299,0
DA:306,0
DA:309,0
DA:310,0
DA:311,0
DA:313,0
DA:322,1
LF:64
LH:14
BRDA:79,0,0,0
BRDA:79,0,1,0
BRDA:79,1,0,0
BRDA:79,1,1,0
BRDA:118,2,0,0
BRDA:118,2,1,0
BRDA:172,3,0,0
BRDA:172,3,1,0
BRDA:175,4,0,0
BRDA:175,4,1,0
BRDA:191,5,0,0
BRDA:191,5,1,0
BRDA:203,6,0,0
BRDA:203,6,1,0
BRDA:203,7,0,0
BRDA:203,7,1,0
BRDA:210,8,0,0
BRDA:210,8,1,0
BRDA:293,9,0,0
BRDA:293,9,1,0
BRDA:293,10,0,0
BRDA:293,10,1,0
BRDA:293,10,2,0
BRDA:293,10,3,0
BRDA:298,11,0,0
BRDA:298,11,1,0
BRDA:298,11,2,0
BRDA:299,12,0,0
BRDA:299,12,1,0
BRDA:309,13,0,0
BRDA:309,13,1,0
BRDA:310,14,0,0
BRDA:310,14,1,0
BRDA:310,15,0,0
BRDA:310,15,1,0
BRF:35
BRH:0
end_of_record
TN:
SF:../../../../../../resources/sap/fe/test/api/FilterBarAPI.js
FN:17,(anonymous_0)
FN:38,(anonymous_1)
FN:55,(anonymous_2)
FN:75,(anonymous_3)
FN:95,(anonymous_4)
FN:110,(anonymous_5)
FN:130,(anonymous_6)
FN:170,(anonymous_7)
FN:183,(anonymous_8)
FNF:9
FNH:1
FNDA:1,(anonymous_0)
FNDA:0,(anonymous_1)
FNDA:0,(anonymous_2)
FNDA:0,(anonymous_3)
FNDA:0,(anonymous_4)
FNDA:0,(anonymous_5)
FNDA:0,(anonymous_6)
FNDA:0,(anonymous_7)
FNDA:0,(anonymous_8)
DA:7,1
DA:38,1
DA:39,0
DA:40,0
DA:42,0
DA:44,1
DA:45,1
DA:55,1
DA:58,0
DA:59,0
DA:61,0
DA:65,0
DA:67,0
DA:75,1
DA:76,0
DA:77,0
DA:96,0
DA:110,1
DA:111,0
DA:130,1
DA:131,0
DA:132,0
DA:134,0
DA:138,0
DA:140,0
DA:141,0
DA:142,0
DA:144,0
DA:147,0
DA:148,0
DA:149,0
DA:150,0
DA:152,0
DA:153,0
DA:154,0
DA:156,0
DA:157,0
DA:158,0
DA:161,0
DA:162,0
DA:163,0
DA:166,0
DA:167,0
DA:171,0
DA:173,0
DA:174,0
DA:177,0
DA:178,0
DA:181,0
DA:184,0
DA:185,0
DA:187,0
DA:197,1
LF:53
LH:9
BRDA:39,0,0,0
BRDA:39,0,1,0
BRDA:58,1,0,0
BRDA:58,1,1,0
BRDA:141,2,0,0
BRDA:141,2,1,0
BRDA:148,3,0,0
BRDA:148,3,1,0
BRDA:152,4,0,0
BRDA:152,4,1,0
BRDA:156,5,0,0
BRDA:156,5,1,0
BRDA:157,6,0,0
BRDA:157,6,1,0
BRDA:157,7,0,0
BRDA:157,7,1,0
BRDA:162,8,0,0
BRDA:162,8,1,0
BRDA:173,9,0,0
BRDA:173,9,1,0
BRDA:177,10,0,0
BRDA:177,10,1,0
BRDA:184,11,0,0
BRDA:184,11,1,0
BRF:24
BRH:0
end_of_record
TN:
SF:../../../../../../resources/sap/fe/test/api/FilterBarActions.js
FN:17,(anonymous_0)
FN:31,(anonymous_1)
FN:46,(anonymous_2)
FN:72,(anonymous_3)
FN:78,(anonymous_4)
FN:79,(anonymous_5)
FN:96,(anonymous_6)
FN:118,(anonymous_7)
FN:139,(anonymous_8)
FN:155,(anonymous_9)
FN:176,(anonymous_10)
FN:192,(anonymous_11)
FN:207,(anonymous_12)
FN:223,(anonymous_13)
FN:250,(anonymous_14)
FN:252,(anonymous_15)
FN:267,(anonymous_16)
FN:284,(anonymous_17)
FN:288,(anonymous_18)
FN:300,(anonymous_19)
FN:306,(anonymous_20)
FN:313,(anonymous_21)
FN:341,(anonymous_22)
FN:346,(anonymous_23)
FNF:24
FNH:1
FNDA:1,(anonymous_0)
FNDA:0,(anonymous_1)
FNDA:0,(anonymous_2)
FNDA:0,(anonymous_3)
FNDA:0,(anonymous_4)
FNDA:0,(anonymous_5)
FNDA:0,(anonymous_6)
FNDA:0,(anonymous_7)
FNDA:0,(anonymous_8)
FNDA:0,(anonymous_9)
FNDA:0,(anonymous_10)
FNDA:0,(anonymous_11)
FNDA:0,(anonymous_12)
FNDA:0,(anonymous_13)
FNDA:0,(anonymous_14)
FNDA:0,(anonymous_15)
FNDA:0,(anonymous_16)
FNDA:0,(anonymous_17)
FNDA:0,(anonymous_18)
FNDA:0,(anonymous_19)
FNDA:0,(anonymous_20)
FNDA:0,(anonymous_21)
FNDA:0,(anonymous_22)
FNDA:0,(anonymous_23)
DA:7,1
DA:31,1
DA:32,0
DA:34,1
DA:35,1
DA:36,1
DA:46,1
DA:47,0
DA:48,0
DA:50,0
DA:72,1
DA:73,0
DA:79,0
DA:81,0
DA:96,1
DA:97,0
DA:98,0
DA:118,1
DA:119,0
DA:120,0
DA:139,1
DA:140,0
DA:141,0
DA:155,1
DA:156,0
DA:157,0
DA:176,1
DA:177,0
DA:178,0
DA:192,1
DA:193,0
DA:207,1
DA:208,0
DA:223,1
DA:224,0
DA:227,0
DA:250,1
DA:251,0
DA:253,0
DA:268,0
DA:275,0
DA:284,1
DA:285,0
DA:289,0
DA:300,1
DA:302,0
DA:307,0
DA:309,0
DA:311,0
DA:313,0
DA:314,0
DA:315,0
DA:318,0
DA:319,0
DA:321,0
DA:322,0
DA:323,0
DA:328,0
DA:329,0
DA:330,0
DA:341,1
DA:342,0
DA:347,0
DA:348,0
DA:358,1
LF:65
LH:20
BRDA:127,0,0,0
BRDA:127,0,1,0
BRDA:159,1,0,0
BRDA:159,1,1,0
BRDA:164,2,0,0
BRDA:164,2,1,0
BRDA:224,3,0,0
BRDA:224,3,1,0
BRDA:251,4,0,0
BRDA:251,4,1,0
BRDA:311,5,0,0
BRDA:311,5,1,0
BRDA:311,5,2,0
BRDA:311,5,3,0
BRDA:314,6,0,0
BRDA:314,6,1,0
BRDA:318,7,0,0
BRDA:318,7,1,0
BRDA:321,8,0,0
BRDA:321,8,1,0
BRDA:328,9,0,0
BRDA:328,9,1,0
BRF:22
BRH:0
end_of_record
TN:
SF:../../../../../../resources/sap/fe/test/api/FilterBarAssertions.js
FN:15,(anonymous_0)
FN:29,(anonymous_1)
FN:42,(anonymous_2)
FN:66,(anonymous_3)
FN:96,(anonymous_4)
FN:110,(anonymous_5)
FN:126,(anonymous_6)
FN:140,(anonymous_7)
FN:165,(anonymous_8)
FN:189,(anonymous_9)
FN:204,(anonymous_10)
FN:223,(anonymous_11)
FN:236,(anonymous_12)
FN:240,(anonymous_13)
FN:259,(anonymous_14)
FN:279,(anonymous_15)
FN:283,(anonymous_16)
FN:311,(anonymous_17)
FN:315,(anonymous_18)
FN:337,(anonymous_19)
FN:341,(anonymous_20)
FN:370,(anonymous_21)
FN:374,(anonymous_22)
FN:406,(anonymous_23)
FN:410,(anonymous_24)
FN:433,(anonymous_25)
FN:437,(anonymous_26)
FNF:27
FNH:1
FNDA:1,(anonymous_0)
FNDA:0,(anonymous_1)
FNDA:0,(anonymous_2)
FNDA:0,(anonymous_3)
FNDA:0,(anonymous_4)
FNDA:0,(anonymous_5)
FNDA:0,(anonymous_6)
FNDA:0,(anonymous_7)
FNDA:0,(anonymous_8)
FNDA:0,(anonymous_9)
FNDA:0,(anonymous_10)
FNDA:0,(anonymous_11)
FNDA:0,(anonymous_12)
FNDA:0,(anonymous_13)
FNDA:0,(anonymous_14)
FNDA:0,(anonymous_15)
FNDA:0,(anonymous_16)
FNDA:0,(anonymous_17)
FNDA:0,(anonymous_18)
FNDA:0,(anonymous_19)
FNDA:0,(anonymous_20)
FNDA:0,(anonymous_21)
FNDA:0,(anonymous_22)
FNDA:0,(anonymous_23)
FNDA:0,(anonymous_24)
FNDA:0,(anonymous_25)
FNDA:0,(anonymous_26)
DA:7,1
DA:29,1
DA:30,0
DA:32,1
DA:33,1
DA:34,1
DA:42,1
DA:43,0
DA:44,0
DA:46,0
DA:47,0
DA:52,0
DA:66,1
DA:67,0
DA:68,0
DA:70,0
DA:71,0
DA:74,0
DA:96,1
DA:97,0
DA:98,0
DA:110,1
DA:111,0
DA:112,0
DA:126,1
DA:127,0
DA:128,0
DA:140,1
DA:141,0
DA:142,0
DA:143,0
DA:165,1
DA:166,0
DA:167,0
DA:168,0
DA:189,1
DA:190,0
DA:191,0
DA:204,1
DA:205,0
DA:209,0
DA:223,1
DA:224,0
DA:236,1
DA:237,0
DA:242,0
DA:243,0
DA:249,0
DA:250,0
DA:253,0
DA:255,0
DA:258,0
DA:259,0
DA:260,0
DA:262,0
DA:263,0
DA:264,0
DA:265,0
DA:267,0
DA:268,0
DA:269,0
DA:272,0
DA:279,1
DA:280,0
DA:285,0
DA:286,0
DA:292,0
DA:293,0
DA:296,0
DA:297,0
DA:298,0
DA:299,0
DA:311,1
DA:312,0
DA:317,0
DA:318,0
DA:324,0
DA:325,0
DA:328,0
DA:329,0
DA:330,0
DA:337,1
DA:338,0
DA:343,0
DA:344,0
DA:350,0
DA:351,0
DA:354,0
DA:356,0
DA:358,0
DA:359,0
DA:360,0
DA:363,0
DA:370,1
DA:371,0
DA:376,0
DA:377,0
DA:383,0
DA:384,0
DA:387,0
DA:389,0
DA:391,0
DA:392,0
DA:394,0
DA:395,0
DA:396,0
DA:399,0
DA:406,1
DA:407,0
DA:412,0
DA:413,0
DA:419,0
DA:420,0
DA:423,0
DA:424,0
DA:425,0
DA:426,0
DA:433,1
DA:434,0
DA:439,0
DA:440,0
DA:446,0
DA:447,0
DA:450,0
DA:451,0
DA:458,1
LF:126
LH:23
BRDA:46,0,0,0
BRDA:46,0,1,0
BRDA:70,1,0,0
BRDA:70,1,1,0
BRDA:70,2,0,0
BRDA:70,2,1,0
BRDA:150,3,0,0
BRDA:150,3,1,0
BRDA:170,4,0,0
BRDA:170,4,1,0
BRDA:175,5,0,0
BRDA:175,5,1,0
BRDA:193,6,0,0
BRDA:193,6,1,0
BRDA:193,7,0,0
BRDA:193,7,1,0
BRDA:243,8,0,0
BRDA:243,8,1,0
BRDA:255,9,0,0
BRDA:255,9,1,0
BRDA:255,9,2,0
BRDA:255,9,3,0
BRDA:264,10,0,0
BRDA:264,10,1,0
BRDA:268,11,0,0
BRDA:268,11,1,0
BRDA:286,12,0,0
BRDA:286,12,1,0
BRDA:298,13,0,0
BRDA:298,13,1,0
BRDA:300,14,0,0
BRDA:300,14,1,0
BRDA:302,15,0,0
BRDA:302,15,1,0
BRDA:302,16,0,0
BRDA:302,16,1,0
BRDA:318,17,0,0
BRDA:318,17,1,0
BRDA:329,18,0,0
BRDA:329,18,1,0
BRDA:330,19,0,0
BRDA:330,19,1,0
BRDA:344,20,0,0
BRDA:344,20,1,0
BRDA:356,21,0,0
BRDA:356,21,1,0
BRDA:356,21,2,0
BRDA:356,21,3,0
BRDA:359,22,0,0
BRDA:359,22,1,0
BRDA:359,23,0,0
BRDA:359,23,1,0
BRDA:377,24,0,0
BRDA:377,24,1,0
BRDA:389,25,0,0
BRDA:389,25,1,0
BRDA:389,25,2,0
BRDA:389,25,3,0
BRDA:391,26,0,0
BRDA:391,26,1,0
BRDA:395,27,0,0
BRDA:395,27,1,0
BRDA:413,28,0,0
BRDA:413,28,1,0
BRDA:426,29,0,0
BRDA:426,29,1,0
BRDA:440,30,0,0
BRDA:440,30,1,0
BRDA:451,31,0,0
BRDA:451,31,1,0
BRDA:451,31,2,0
BRF:71
BRH:0
end_of_record
TN:
SF:../../../../../../resources/sap/fe/test/api/FooterAPI.js
FN:15,(anonymous_0)
FN:26,(anonymous_1)
FNF:2
FNH:1
FNDA:1,(anonymous_0)
FNDA:0,(anonymous_1)
DA:7,1
DA:26,1
DA:27,0
DA:28,0
DA:30,0
DA:32,1
DA:33,1
DA:35,1
LF:8
LH:5
BRDA:27,0,0,0
BRDA:27,0,1,0
BRF:2
BRH:0
end_of_record
TN:
SF:../../../../../../resources/sap/fe/test/api/FooterActionsBase.js
FN:7,(anonymous_0)
FN:20,(anonymous_1)
FN:33,(anonymous_2)
FNF:3
FNH:1
FNDA:1,(anonymous_0)
FNDA:0,(anonymous_1)
FNDA:0,(anonymous_2)
DA:7,1
DA:20,1
DA:21,0
DA:23,1
DA:24,1
DA:25,1
DA:33,1
DA:34,0
DA:36,0
DA:44,1
LF:10
LH:7
BRF:0
BRH:0
end_of_record
TN:
SF:../../../../../../resources/sap/fe/test/api/FooterActionsOP.js
FN:7,(anonymous_0)
FN:21,(anonymous_1)
FN:33,(anonymous_2)
FN:42,(anonymous_3)
FN:51,(anonymous_4)
FN:60,(anonymous_5)
FNF:6
FNH:1
FNDA:1,(anonymous_0)
FNDA:0,(anonymous_1)
FNDA:0,(anonymous_2)
FNDA:0,(anonymous_3)
FNDA:0,(anonymous_4)
FNDA:0,(anonymous_5)
DA:7,1
DA:21,1
DA:22,0
DA:24,1
DA:25,1
DA:26,1
DA:33,1
DA:34,0
DA:42,1
DA:43,0
DA:51,1
DA:52,0
DA:60,1
DA:61,0
DA:74,1
LF:15
LH:10
BRF:0
BRH:0
end_of_record
TN:
SF:../../../../../../resources/sap/fe/test/api/FooterAssertionsBase.js
FN:7,(anonymous_0)
FN:20,(anonymous_1)
FN:34,(anonymous_2)
FN:51,(anonymous_3)
FNF:4
FNH:1
FNDA:1,(anonymous_0)
FNDA:0,(anonymous_1)
FNDA:0,(anonymous_2)
FNDA:0,(anonymous_3)
DA:7,1
DA:20,1
DA:21,0
DA:23,1
DA:24,1
DA:25,1
DA:34,1
DA:35,0
DA:37,0
DA:51,1
DA:52,0
DA:53,0
DA:58,1
LF:13
LH:8
BRF:0
BRH:0
end_of_record
TN:
SF:../../../../../../resources/sap/fe/test/api/FooterAssertionsOP.js
FN:7,(anonymous_0)
FN:21,(anonymous_1)
FN:30,_checkDraftState
FN:32,(anonymous_3)
FN:45,(anonymous_4)
FN:55,(anonymous_5)
FN:65,(anonymous_6)
FN:74,(anonymous_7)
FN:83,(anonymous_8)
FNF:9
FNH:1
FNDA:1,(anonymous_0)
FNDA:0,(anonymous_1)
FNDA:0,_checkDraftState
FNDA:0,(anonymous_3)
FNDA:0,(anonymous_4)
FNDA:0,(anonymous_5)
FNDA:0,(anonymous_6)
FNDA:0,(anonymous_7)
FNDA:0,(anonymous_8)
DA:7,1
DA:21,1
DA:22,0
DA:24,1
DA:25,1
DA:26,1
DA:28,1
DA:31,0
DA:33,0
DA:45,1
DA:46,0
DA:55,1
DA:56,0
DA:65,1
DA:66,0
DA:74,1
DA:75,0
DA:83,1
DA:84,0
DA:87,1
LF:20
LH:12
BRDA:33,0,0,0
BRDA:33,0,1,0
BRF:2
BRH:0
end_of_record
TN:
SF:../../../../../../resources/sap/fe/test/api/FormAPI.js
FN:16,(anonymous_0)
FN:39,(anonymous_1)
FN:48,(anonymous_2)
FN:61,(anonymous_3)
FN:73,(anonymous_4)
FNF:5
FNH:1
FNDA:1,(anonymous_0)
FNDA:0,(anonymous_1)
FNDA:0,(anonymous_2)
FNDA:0,(anonymous_3)
FNDA:0,(anonymous_4)
DA:7,1
DA:39,1
DA:40,0
DA:41,0
DA:43,0
DA:45,1
DA:46,1
DA:48,1
DA:49,0
DA:51,0
DA:52,0
DA:54,0
DA:61,1
DA:62,0
DA:73,1
DA:74,0
DA:79,1
LF:17
LH:8
BRDA:40,0,0,0
BRDA:40,0,1,0
BRDA:51,1,0,0
BRDA:51,1,1,0
BRF:4
BRH:0
end_of_record
TN:
SF:../../../../../../resources/sap/fe/test/api/FormActions.js
FN:16,(anonymous_0)
FN:30,(anonymous_1)
FN:37,_executeShowMoreShowLess
FN:43,(anonymous_3)
FN:52,(anonymous_4)
FN:67,(anonymous_5)
FN:99,(anonymous_6)
FN:108,(anonymous_7)
FN:118,(anonymous_8)
FN:128,(anonymous_9)
FN:143,(anonymous_10)
FN:160,(anonymous_11)
FN:182,(anonymous_12)
FNF:13
FNH:1
FNDA:1,(anonymous_0)
FNDA:0,(anonymous_1)
FNDA:0,_executeShowMoreShowLess
FNDA:0,(anonymous_3)
FNDA:0,(anonymous_4)
FNDA:0,(anonymous_5)
FNDA:0,(anonymous_6)
FNDA:0,(anonymous_7)
FNDA:0,(anonymous_8)
FNDA:0,(anonymous_9)
FNDA:0,(anonymous_10)
FNDA:0,(anonymous_11)
FNDA:0,(anonymous_12)
DA:7,1
DA:30,1
DA:31,0
DA:33,1
DA:34,1
DA:35,1
DA:38,0
DA:40,0
DA:42,0
DA:44,0
DA:45,0
DA:49,0
DA:53,0
DA:67,1
DA:68,0
DA:69,0
DA:71,0
DA:73,0
DA:81,0
DA:85,0
DA:99,1
DA:100,0
DA:108,1
DA:109,0
DA:118,1
DA:119,0
DA:128,1
DA:129,0
DA:143,1
DA:144,0
DA:160,1
DA:161,0
DA:182,1
DA:183,0
DA:194,1
LF:35
LH:14
BRDA:40,0,0,0
BRDA:40,0,1,0
BRDA:71,1,0,0
BRDA:71,1,1,0
BRF:4
BRH:0
end_of_record
TN:
SF:../../../../../../resources/sap/fe/test/api/FormAssertions.js
FN:9,(anonymous_0)
FN:23,(anonymous_1)
FN:30,_checkShowMoreShowLess
FN:36,(anonymous_3)
FN:45,(anonymous_4)
FN:61,(anonymous_5)
FN:84,(anonymous_6)
FN:102,(anonymous_7)
FN:112,(anonymous_8)
FN:131,(anonymous_9)
FN:158,(anonymous_10)
FN:163,(anonymous_11)
FN:173,(anonymous_12)
FN:176,(anonymous_13)
FN:177,(anonymous_14)
FNF:15
FNH:1
FNDA:1,(anonymous_0)
FNDA:0,(anonymous_1)
FNDA:0,_checkShowMoreShowLess
FNDA:0,(anonymous_3)
FNDA:0,(anonymous_4)
FNDA:0,(anonymous_5)
FNDA:0,(anonymous_6)
FNDA:0,(anonymous_7)
FNDA:0,(anonymous_8)
FNDA:0,(anonymous_9)
FNDA:0,(anonymous_10)
FNDA:0,(anonymous_11)
FNDA:0,(anonymous_12)
FNDA:0,(anonymous_13)
FNDA:0,(anonymous_14)
DA:7,1
DA:23,1
DA:24,0
DA:26,1
DA:27,1
DA:28,1
DA:31,0
DA:33,0
DA:35,0
DA:37,0
DA:38,0
DA:42,0
DA:47,0
DA:61,1
DA:62,0
DA:63,0
DA:84,1
DA:85,0
DA:86,0
DA:88,0
DA:102,1
DA:103,0
DA:112,1
DA:113,0
DA:131,1
DA:132,0
DA:133,0
DA:158,1
DA:159,0
DA:160,0
DA:163,1
DA:164,0
DA:165,0
DA:166,0
DA:167,0
DA:168,0
DA:169,0
DA:170,0
DA:175,0
DA:176,0
DA:177,0
DA:178,0
DA:182,0
DA:184,0
DA:197,1
LF:45
LH:13
BRDA:33,0,0,0
BRDA:33,0,1,0
BRDA:70,1,0,0
BRDA:70,1,1,0
BRDA:175,2,0,0
BRDA:175,2,1,0
BRF:6
BRH:0
end_of_record
TN:
SF:../../../../../../resources/sap/fe/test/api/HeaderAPI.js
FN:16,(anonymous_0)
FN:38,(anonymous_1)
FN:53,(anonymous_2)
FN:56,(anonymous_3)
FN:71,(anonymous_4)
FN:83,(anonymous_5)
FN:93,(anonymous_6)
FN:103,(anonymous_7)
FN:107,(anonymous_8)
FN:120,(anonymous_9)
FN:142,(anonymous_10)
FNF:11
FNH:1
FNDA:1,(anonymous_0)
FNDA:0,(anonymous_1)
FNDA:0,(anonymous_2)
FNDA:0,(anonymous_3)
FNDA:0,(anonymous_4)
FNDA:0,(anonymous_5)
FNDA:0,(anonymous_6)
FNDA:0,(anonymous_7)
FNDA:0,(anonymous_8)
FNDA:0,(anonymous_9)
FNDA:0,(anonymous_10)
DA:7,1
DA:38,1
DA:39,0
DA:40,0
DA:42,0
DA:44,1
DA:45,1
DA:53,1
DA:54,0
DA:57,0
DA:71,1
DA:72,0
DA:83,1
DA:84,0
DA:93,1
DA:94,0
DA:103,1
DA:104,0
DA:107,1
DA:108,0
DA:110,0
DA:111,0
DA:112,0
DA:113,0
DA:114,0
DA:116,0
DA:117,0
DA:120,1
DA:121,0
DA:123,0
DA:124,0
DA:125,0
DA:126,0
DA:127,0
DA:128,0
DA:130,0
DA:131,0
DA:142,1
DA:143,0
DA:150,1
LF:40
LH:13
BRDA:39,0,0,0
BRDA:39,0,1,0
BRDA:58,1,0,0
BRDA:58,1,1,0
BRDA:58,1,2,0
BRDA:117,2,0,0
BRDA:117,2,1,0
BRDA:131,3,0,0
BRDA:131,3,1,0
BRF:9
BRH:0
end_of_record
TN:
SF:../../../../../../resources/sap/fe/test/api/HeaderActions.js
FN:9,(anonymous_0)
FN:22,(anonymous_1)
FN:41,(anonymous_2)
FN:56,(anonymous_3)
FN:65,(anonymous_4)
FN:74,(anonymous_5)
FN:83,(anonymous_6)
FN:93,(anonymous_7)
FN:103,(anonymous_8)
FN:112,(anonymous_9)
FN:130,(anonymous_10)
FN:150,(anonymous_11)
FN:167,(anonymous_12)
FN:190,(anonymous_13)
FN:215,(anonymous_14)
FNF:15
FNH:1
FNDA:1,(anonymous_0)
FNDA:0,(anonymous_1)
FNDA:0,(anonymous_2)
FNDA:0,(anonymous_3)
FNDA:0,(anonymous_4)
FNDA:0,(anonymous_5)
FNDA:0,(anonymous_6)
FNDA:0,(anonymous_7)
FNDA:0,(anonymous_8)
FNDA:0,(anonymous_9)
FNDA:0,(anonymous_10)
FNDA:0,(anonymous_11)
FNDA:0,(anonymous_12)
FNDA:0,(anonymous_13)
FNDA:0,(anonymous_14)
DA:7,1
DA:22,1
DA:23,0
DA:24,0
DA:25,0
DA:26,0
DA:27,0
DA:28,0
DA:29,0
DA:31,1
DA:32,1
DA:33,1
DA:41,1
DA:42,0
DA:43,0
DA:56,1
DA:57,0
DA:65,1
DA:66,0
DA:74,1
DA:75,0
DA:83,1
DA:84,0
DA:93,1
DA:94,0
DA:103,1
DA:104,0
DA:112,1
DA:113,0
DA:130,1
DA:131,0
DA:150,1
DA:151,0
DA:152,0
DA:167,1
DA:168,0
DA:171,0
DA:173,0
DA:190,1
DA:191,0
DA:194,0
DA:196,0
DA:215,1
DA:217,0
DA:218,0
DA:227,1
LF:46
LH:19
BRF:0
BRH:0
end_of_record
TN:
SF:../../../../../../resources/sap/fe/test/api/HeaderActionsLR.js
FN:9,(anonymous_0)
FN:22,(anonymous_1)
FN:35,(anonymous_2)
FN:52,(anonymous_3)
FN:73,(anonymous_4)
FNF:5
FNH:1
FNDA:1,(anonymous_0)
FNDA:0,(anonymous_1)
FNDA:0,(anonymous_2)
FNDA:0,(anonymous_3)
FNDA:0,(anonymous_4)
DA:7,1
DA:22,1
DA:23,0
DA:25,1
DA:26,1
DA:27,1
DA:35,1
DA:36,0
DA:37,0
DA:38,0
DA:52,1
DA:53,0
DA:56,0
DA:58,0
DA:73,1
DA:74,0
DA:77,0
DA:79,0
DA:89,1
LF:19
LH:9
BRF:0
BRH:0
end_of_record
TN:
SF:../../../../../../resources/sap/fe/test/api/HeaderAssertions.js
FN:16,(anonymous_0)
FN:29,(anonymous_1)
FN:50,(anonymous_2)
FN:66,(anonymous_3)
FN:76,(anonymous_4)
FN:95,(anonymous_5)
FN:112,(anonymous_6)
FN:122,(anonymous_7)
FN:132,(anonymous_8)
FN:143,(anonymous_9)
FN:148,(anonymous_10)
FN:151,(anonymous_11)
FN:177,(anonymous_12)
FN:208,(anonymous_13)
FN:219,(anonymous_14)
FN:226,(anonymous_15)
FN:247,(anonymous_16)
FN:276,(anonymous_17)
FN:294,(anonymous_18)
FN:315,(anonymous_19)
FN:368,(anonymous_20)
FN:400,(anonymous_21)
FN:424,(anonymous_22)
FN:454,(anonymous_23)
FN:487,(anonymous_24)
FN:509,(anonymous_25)
FN:518,(anonymous_26)
FN:541,(anonymous_27)
FNF:28
FNH:1
FNDA:1,(anonymous_0)
FNDA:0,(anonymous_1)
FNDA:0,(anonymous_2)
FNDA:0,(anonymous_3)
FNDA:0,(anonymous_4)
FNDA:0,(anonymous_5)
FNDA:0,(anonymous_6)
FNDA:0,(anonymous_7)
FNDA:0,(anonymous_8)
FNDA:0,(anonymous_9)
FNDA:0,(anonymous_10)
FNDA:0,(anonymous_11)
FNDA:0,(anonymous_12)
FNDA:0,(anonymous_13)
FNDA:0,(anonymous_14)
FNDA:0,(anonymous_15)
FNDA:0,(anonymous_16)
FNDA:0,(anonymous_17)
FNDA:0,(anonymous_18)
FNDA:0,(anonymous_19)
FNDA:0,(anonymous_20)
FNDA:0,(anonymous_21)
FNDA:0,(anonymous_22)
FNDA:0,(anonymous_23)
FNDA:0,(anonymous_24)
FNDA:0,(anonymous_25)
FNDA:0,(anonymous_26)
FNDA:0,(anonymous_27)
DA:7,1
DA:29,1
DA:30,0
DA:31,0
DA:32,0
DA:33,0
DA:34,0
DA:35,0
DA:36,0
DA:37,0
DA:39,1
DA:40,1
DA:41,1
DA:50,1
DA:51,0
DA:52,0
DA:66,1
DA:67,0
DA:76,1
DA:78,0
DA:79,0
DA:95,1
DA:96,0
DA:97,0
DA:112,1
DA:113,0
DA:122,1
DA:123,0
DA:132,1
DA:133,0
DA:143,1
DA:144,0
DA:146,0
DA:149,0
DA:150,0
DA:151,0
DA:152,0
DA:155,0
DA:177,1
DA:178,0
DA:180,0
DA:184,0
DA:208,1
DA:209,0
DA:211,0
DA:220,0
DA:227,0
DA:247,1
DA:248,0
DA:249,0
DA:276,1
DA:277,0
DA:294,1
DA:295,0
DA:315,1
DA:316,0
DA:318,0
DA:319,0
DA:328,0
DA:329,0
DA:330,0
DA:339,0
DA:348,0
DA:349,0
DA:350,0
DA:351,0
DA:355,0
DA:358,0
DA:368,1
DA:369,0
DA:370,0
DA:371,0
DA:373,0
DA:374,0
DA:375,0
DA:376,0
DA:379,0
DA:400,1
DA:401,0
DA:402,0
DA:403,0
DA:404,0
DA:405,0
DA:406,0
DA:407,0
DA:408,0
DA:409,0
DA:410,0
DA:411,0
DA:412,0
DA:415,0
DA:424,1
DA:425,0
DA:428,0
DA:430,0
DA:454,1
DA:455,0
DA:458,0
DA:460,0
DA:487,1
DA:489,0
DA:490,0
DA:491,0
DA:509,1
DA:510,0
DA:512,0
DA:519,0
DA:541,1
DA:542,0
DA:544,0
DA:556,1
LF:111
LH:27
BRDA:150,0,0,0
BRDA:150,0,1,0
BRDA:180,1,0,0
BRDA:180,1,1,0
BRDA:262,2,0,0
BRDA:262,2,1,0
BRDA:318,3,0,0
BRDA:318,3,1,0
BRDA:328,4,0,0
BRDA:328,4,1,0
BRDA:349,5,0,0
BRDA:349,5,1,0
BRDA:373,6,0,0
BRDA:373,6,1,0
BRDA:375,7,0,0
BRDA:375,7,1,0
BRDA:403,8,0,0
BRDA:403,8,1,0
BRDA:403,9,0,0
BRDA:403,9,1,0
BRDA:406,10,0,0
BRDA:406,10,1,0
BRDA:406,11,0,0
BRDA:406,11,1,0
BRDA:410,12,0,0
BRDA:410,12,1,0
BRDA:519,13,0,0
BRDA:519,13,1,0
BRF:28
BRH:0
end_of_record
TN:
SF:../../../../../../resources/sap/fe/test/api/HeaderAssertionsLR.js
FN:16,(anonymous_0)
FN:29,(anonymous_1)
FN:43,(anonymous_2)
FN:60,(anonymous_3)
FN:90,(anonymous_4)
FNF:5
FNH:1
FNDA:1,(anonymous_0)
FNDA:0,(anonymous_1)
FNDA:0,(anonymous_2)
FNDA:0,(anonymous_3)
FNDA:0,(anonymous_4)
DA:7,1
DA:29,1
DA:30,0
DA:32,1
DA:33,1
DA:34,1
DA:43,1
DA:44,0
DA:45,0
DA:46,0
DA:60,1
DA:61,0
DA:64,0
DA:66,0
DA:90,1
DA:91,0
DA:94,0
DA:96,0
DA:114,1
LF:19
LH:9
BRF:0
BRH:0
end_of_record
TN:
SF:../../../../../../resources/sap/fe/test/api/HeaderLR.js
FN:16,(anonymous_0)
FN:29,(anonymous_1)
FN:47,(anonymous_2)
FN:50,(anonymous_3)
FNF:4
FNH:1
FNDA:1,(anonymous_0)
FNDA:0,(anonymous_1)
FNDA:0,(anonymous_2)
FNDA:0,(anonymous_3)
DA:7,1
DA:29,1
DA:30,0
DA:31,0
DA:33,0
DA:34,0
DA:36,1
DA:37,1
DA:47,1
DA:48,0
DA:51,0
DA:59,1
LF:12
LH:6
BRDA:30,0,0,0
BRDA:30,0,1,0
BRDA:52,1,0,0
BRDA:52,1,1,0
BRDA:52,1,2,0
BRF:5
BRH:0
end_of_record
TN:
SF:../../../../../../resources/sap/fe/test/api/KPICardAPI.js
FN:7,(anonymous_0)
FN:19,(anonymous_1)
FNF:2
FNH:1
FNDA:1,(anonymous_0)
FNDA:0,(anonymous_1)
DA:7,1
DA:19,1
DA:20,0
DA:21,0
DA:23,0
DA:25,1
DA:26,1
DA:28,1
LF:8
LH:5
BRDA:20,0,0,0
BRDA:20,0,1,0
BRF:2
BRH:0
end_of_record
TN:
SF:../../../../../../resources/sap/fe/test/api/KPICardActions.js
FN:7,(anonymous_0)
FN:19,(anonymous_1)
FN:30,(anonymous_2)
FNF:3
FNH:1
FNDA:1,(anonymous_0)
FNDA:0,(anonymous_1)
FNDA:0,(anonymous_2)
DA:7,1
DA:19,1
DA:20,0
DA:22,1
DA:23,1
DA:24,1
DA:30,1
DA:31,0
DA:33,0
DA:36,1
LF:10
LH:7
BRF:0
BRH:0
end_of_record
TN:
SF:../../../../../../resources/sap/fe/test/api/KPICardAssertions.js
FN:7,(anonymous_0)
FN:19,(anonymous_1)
FN:31,(anonymous_2)
FN:35,(anonymous_3)
FN:53,(anonymous_4)
FN:57,(anonymous_5)
FN:75,(anonymous_6)
FN:79,(anonymous_7)
FN:97,(anonymous_8)
FN:101,(anonymous_9)
FN:120,(anonymous_10)
FN:145,(anonymous_11)
FN:171,(anonymous_12)
FNF:13
FNH:1
FNDA:1,(anonymous_0)
FNDA:0,(anonymous_1)
FNDA:0,(anonymous_2)
FNDA:0,(anonymous_3)
FNDA:0,(anonymous_4)
FNDA:0,(anonymous_5)
FNDA:0,(anonymous_6)
FNDA:0,(anonymous_7)
FNDA:0,(anonymous_8)
FNDA:0,(anonymous_9)
FNDA:0,(anonymous_10)
FNDA:0,(anonymous_11)
FNDA:0,(anonymous_12)
DA:7,1
DA:19,1
DA:20,0
DA:22,1
DA:23,1
DA:24,1
DA:31,1
DA:32,0
DA:33,0
DA:36,0
DA:40,0
DA:53,1
DA:54,0
DA:55,0
DA:58,0
DA:62,0
DA:75,1
DA:76,0
DA:77,0
DA:80,0
DA:84,0
DA:97,1
DA:98,0
DA:99,0
DA:102,0
DA:106,0
DA:120,1
DA:121,0
DA:122,0
DA:123,0
DA:125,0
DA:127,0
DA:130,0
DA:145,1
DA:146,0
DA:148,0
DA:158,0
DA:171,1
DA:172,0
DA:174,0
DA:176,0
DA:180,0
DA:182,1
LF:43
LH:13
BRDA:122,0,0,0
BRDA:122,0,1,0
BRDA:127,1,0,0
BRDA:127,1,1,0
BRDA:174,2,0,0
BRDA:174,2,1,0
BRDA:174,3,0,0
BRDA:174,3,1,0
BRDA:176,4,0,0
BRDA:176,4,1,0
BRF:10
BRH:0
end_of_record
TN:
SF:../../../../../../resources/sap/fe/test/api/TableAPI.js
FN:18,(anonymous_0)
FN:41,(anonymous_1)
FN:50,(anonymous_2)
FN:56,(anonymous_3)
FN:76,(anonymous_4)
FN:85,(anonymous_5)
FN:102,(anonymous_6)
FN:118,(anonymous_7)
FN:133,(anonymous_8)
FN:149,(anonymous_9)
FN:164,(anonymous_10)
FN:168,(anonymous_11)
FN:176,(anonymous_12)
FN:188,(anonymous_13)
FN:203,(anonymous_14)
FN:207,(anonymous_15)
FN:213,(anonymous_16)
FN:220,(anonymous_17)
FN:222,(anonymous_18)
FN:225,(anonymous_19)
FN:233,(anonymous_20)
FN:264,(anonymous_21)
FN:314,(anonymous_22)
FN:322,(anonymous_23)
FN:353,(anonymous_24)
FN:383,(anonymous_25)
FN:402,(anonymous_26)
FN:409,(anonymous_27)
FN:423,(anonymous_28)
FN:442,(anonymous_29)
FN:464,(anonymous_30)
FN:487,(anonymous_31)
FNF:32
FNH:1
FNDA:1,(anonymous_0)
FNDA:0,(anonymous_1)
FNDA:0,(anonymous_2)
FNDA:0,(anonymous_3)
FNDA:0,(anonymous_4)
FNDA:0,(anonymous_5)
FNDA:0,(anonymous_6)
FNDA:0,(anonymous_7)
FNDA:0,(anonymous_8)
FNDA:0,(anonymous_9)
FNDA:0,(anonymous_10)
FNDA:0,(anonymous_11)
FNDA:0,(anonymous_12)
FNDA:0,(anonymous_13)
FNDA:0,(anonymous_14)
FNDA:0,(anonymous_15)
FNDA:0,(anonymous_16)
FNDA:0,(anonymous_17)
FNDA:0,(anonymous_18)
FNDA:0,(anonymous_19)
FNDA:0,(anonymous_20)
FNDA:0,(anonymous_21)
FNDA:0,(anonymous_22)
FNDA:0,(anonymous_23)
FNDA:0,(anonymous_24)
FNDA:0,(anonymous_25)
FNDA:0,(anonymous_26)
FNDA:0,(anonymous_27)
FNDA:0,(anonymous_28)
FNDA:0,(anonymous_29)
FNDA:0,(anonymous_30)
FNDA:0,(anonymous_31)
DA:7,1
DA:21,1
DA:41,1
DA:42,0
DA:43,0
DA:45,0
DA:47,1
DA:48,1
DA:50,1
DA:51,0
DA:52,0
DA:53,0
DA:54,0
DA:55,0
DA:56,0
DA:57,0
DA:58,0
DA:59,0
DA:64,0
DA:65,0
DA:67,0
DA:68,0
DA:70,0
DA:71,0
DA:73,0
DA:76,1
DA:77,0
DA:85,1
DA:86,0
DA:87,0
DA:102,1
DA:103,0
DA:118,1
DA:119,0
DA:120,0
DA:133,1
DA:134,0
DA:149,1
DA:150,0
DA:151,0
DA:164,1
DA:165,0
DA:168,1
DA:169,0
DA:170,0
DA:173,0
DA:174,0
DA:177,0
DA:178,0
DA:188,1
DA:189,0
DA:203,1
DA:204,0
DA:207,0
DA:208,0
DA:210,0
DA:211,0
DA:214,0
DA:215,0
DA:217,0
DA:218,0
DA:220,0
DA:221,0
DA:223,0
DA:226,0
DA:228,0
DA:230,0
DA:234,0
DA:235,0
DA:237,0
DA:238,0
DA:239,0
DA:264,1
DA:273,0
DA:277,0
DA:279,0
DA:281,0
DA:282,0
DA:283,0
DA:285,0
DA:286,0
DA:288,0
DA:293,0
DA:300,0
DA:301,0
DA:302,0
DA:303,0
DA:306,0
DA:307,0
DA:308,0
DA:311,0
DA:312,0
DA:315,0
DA:316,0
DA:317,0
DA:318,0
DA:320,0
DA:323,0
DA:324,0
DA:326,0
DA:353,1
DA:362,0
DA:366,0
DA:368,0
DA:369,0
DA:374,0
DA:375,0
DA:376,0
DA:378,0
DA:379,0
DA:380,0
DA:384,0
DA:390,0
DA:397,0
DA:398,0
DA:400,0
DA:403,0
DA:404,0
DA:405,0
DA:407,0
DA:410,0
DA:411,0
DA:413,0
DA:416,0
DA:417,0
DA:418,0
DA:419,0
DA:420,0
DA:424,0
DA:425,0
DA:427,0
DA:434,0
DA:435,0
DA:436,0
DA:439,0
DA:440,0
DA:443,0
DA:444,0
DA:445,0
DA:446,0
DA:448,0
DA:464,1
DA:465,0
DA:487,1
DA:488,0
DA:499,1
LF:146
LH:21
BRDA:42,0,0,0
BRDA:42,0,1,0
BRDA:53,1,0,0
BRDA:53,1,1,0
BRDA:55,2,0,0
BRDA:55,2,1,0
BRDA:59,3,0,0
BRDA:59,3,1,0
BRDA:59,4,0,0
BRDA:59,4,1,0
BRDA:64,5,0,0
BRDA:64,5,1,0
BRDA:67,6,0,0
BRDA:67,6,1,0
BRDA:70,7,0,0
BRDA:70,7,1,0
BRDA:177,8,0,0
BRDA:177,8,1,0
BRDA:208,9,0,0
BRDA:208,9,1,0
BRDA:214,10,0,0
BRDA:214,10,1,0
BRDA:221,11,0,0
BRDA:221,11,1,0
BRDA:234,12,0,0
BRDA:234,12,1,0
BRDA:286,13,0,0
BRDA:286,13,1,0
BRDA:301,14,0,0
BRDA:301,14,1,0
BRDA:302,15,0,0
BRDA:302,15,1,0
BRDA:302,16,0,0
BRDA:302,16,1,0
BRDA:307,17,0,0
BRDA:307,17,1,0
BRDA:316,18,0,0
BRDA:316,18,1,0
BRDA:323,19,0,0
BRDA:323,19,1,0
BRDA:379,20,0,0
BRDA:379,20,1,0
BRDA:384,21,0,0
BRDA:384,21,1,0
BRDA:398,22,0,0
BRDA:398,22,1,0
BRDA:404,23,0,0
BRDA:404,23,1,0
BRDA:410,24,0,0
BRDA:410,24,1,0
BRDA:416,25,0,0
BRDA:416,25,1,0
BRDA:416,26,0,0
BRDA:416,26,1,0
BRDA:417,27,0,0
BRDA:417,27,1,0
BRDA:424,28,0,0
BRDA:424,28,1,0
BRDA:427,29,0,0
BRDA:427,29,1,0
BRDA:435,30,0,0
BRDA:435,30,1,0
BRDA:444,31,0,0
BRDA:444,31,1,0
BRF:64
BRH:0
end_of_record
TN:
SF:../../../../../../resources/sap/fe/test/api/TableActions.js
FN:22,(anonymous_0)
FN:51,(anonymous_1)
FN:71,(anonymous_2)
FN:103,(anonymous_3)
FN:126,(anonymous_4)
FN:148,(anonymous_5)
FN:166,(anonymous_6)
FN:184,(anonymous_7)
FN:201,(anonymous_8)
FN:217,(anonymous_9)
FN:241,(anonymous_10)
FN:278,(anonymous_11)
FN:295,(anonymous_12)
FN:305,(anonymous_13)
FN:326,(anonymous_14)
FN:350,(anonymous_15)
FN:376,(anonymous_16)
FN:393,(anonymous_17)
FN:410,(anonymous_18)
FN:440,(anonymous_19)
FN:483,(anonymous_20)
FN:508,(anonymous_21)
FN:510,(anonymous_22)
FN:517,(anonymous_23)
FN:534,(anonymous_24)
FN:538,(anonymous_25)
FN:556,(anonymous_26)
FN:560,(anonymous_27)
FN:578,(anonymous_28)
FN:582,(anonymous_29)
FN:614,(anonymous_30)
FN:629,(anonymous_31)
FN:645,(anonymous_32)
FN:648,(anonymous_33)
FN:652,(anonymous_34)
FN:655,(anonymous_35)
FN:659,(anonymous_36)
FN:669,(anonymous_37)
FN:708,(anonymous_38)
FN:736,(anonymous_39)
FN:762,(anonymous_40)
FN:786,(anonymous_41)
FN:802,(anonymous_42)
FN:819,(anonymous_43)
FN:823,(anonymous_44)
FN:828,(anonymous_45)
FN:837,(anonymous_46)
FN:855,(anonymous_47)
FN:862,(anonymous_48)
FN:867,(anonymous_49)
FN:870,(anonymous_50)
FN:883,(anonymous_51)
FN:906,(anonymous_52)
FN:924,(anonymous_53)
FN:932,(anonymous_54)
FN:939,(anonymous_55)
FN:940,(anonymous_56)
FN:948,(anonymous_57)
FN:958,(anonymous_58)
FN:962,(anonymous_59)
FN:970,(anonymous_60)
FN:988,(anonymous_61)
FN:1003,(anonymous_62)
FNF:63
FNH:1
FNDA:1,(anonymous_0)
FNDA:0,(anonymous_1)
FNDA:0,(anonymous_2)
FNDA:0,(anonymous_3)
FNDA:0,(anonymous_4)
FNDA:0,(anonymous_5)
FNDA:0,(anonymous_6)
FNDA:0,(anonymous_7)
FNDA:0,(anonymous_8)
FNDA:0,(anonymous_9)
FNDA:0,(anonymous_10)
FNDA:0,(anonymous_11)
FNDA:0,(anonymous_12)
FNDA:0,(anonymous_13)
FNDA:0,(anonymous_14)
FNDA:0,(anonymous_15)
FNDA:0,(anonymous_16)
FNDA:0,(anonymous_17)
FNDA:0,(anonymous_18)
FNDA:0,(anonymous_19)
FNDA:0,(anonymous_20)
FNDA:0,(anonymous_21)
FNDA:0,(anonymous_22)
FNDA:0,(anonymous_23)
FNDA:0,(anonymous_24)
FNDA:0,(anonymous_25)
FNDA:0,(anonymous_26)
FNDA:0,(anonymous_27)
FNDA:0,(anonymous_28)
FNDA:0,(anonymous_29)
FNDA:0,(anonymous_30)
FNDA:0,(anonymous_31)
FNDA:0,(anonymous_32)
FNDA:0,(anonymous_33)
FNDA:0,(anonymous_34)
FNDA:0,(anonymous_35)
FNDA:0,(anonymous_36)
FNDA:0,(anonymous_37)
FNDA:0,(anonymous_38)
FNDA:0,(anonymous_39)
FNDA:0,(anonymous_40)
FNDA:0,(anonymous_41)
FNDA:0,(anonymous_42)
FNDA:0,(anonymous_43)
FNDA:0,(anonymous_44)
FNDA:0,(anonymous_45)
FNDA:0,(anonymous_46)
FNDA:0,(anonymous_47)
FNDA:0,(anonymous_48)
FNDA:0,(anonymous_49)
FNDA:0,(anonymous_50)
FNDA:0,(anonymous_51)
FNDA:0,(anonymous_52)
FNDA:0,(anonymous_53)
FNDA:0,(anonymous_54)
FNDA:0,(anonymous_55)
FNDA:0,(anonymous_56)
FNDA:0,(anonymous_57)
FNDA:0,(anonymous_58)
FNDA:0,(anonymous_59)
FNDA:0,(anonymous_60)
FNDA:0,(anonymous_61)
FNDA:0,(anonymous_62)
DA:7,1
DA:38,1
DA:51,1
DA:52,0
DA:54,1
DA:55,1
DA:56,1
DA:71,1
DA:72,0
DA:73,0
DA:103,1
DA:104,0
DA:105,0
DA:106,0
DA:126,1
DA:127,0
DA:128,0
DA:148,1
DA:149,0
DA:150,0
DA:166,1
DA:167,0
DA:168,0
DA:184,1
DA:185,0
DA:186,0
DA:201,1
DA:202,0
DA:203,0
DA:217,1
DA:218,0
DA:219,0
DA:241,1
DA:242,0
DA:243,0
DA:245,0
DA:246,0
DA:247,0
DA:250,0
DA:251,0
DA:255,0
DA:258,0
DA:278,1
DA:279,0
DA:280,0
DA:281,0
DA:295,1
DA:296,0
DA:305,1
DA:306,0
DA:307,0
DA:326,1
DA:327,0
DA:328,0
DA:330,0
DA:350,1
DA:352,0
DA:353,0
DA:354,0
DA:355,0
DA:357,0
DA:376,1
DA:377,0
DA:378,0
DA:380,0
DA:393,1
DA:394,0
DA:395,0
DA:397,0
DA:410,1
DA:411,0
DA:413,0
DA:440,1
DA:441,0
DA:448,0
DA:450,0
DA:483,1
DA:484,0
DA:508,1
DA:509,0
DA:511,0
DA:518,0
DA:525,0
DA:534,1
DA:535,0
DA:539,0
DA:556,1
DA:557,0
DA:561,0
DA:578,1
DA:579,0
DA:583,0
DA:614,1
DA:615,0
DA:629,1
DA:630,0
DA:645,1
DA:646,0
DA:647,0
DA:648,0
DA:649,0
DA:650,0
DA:651,0
DA:653,0
DA:656,0
DA:659,0
DA:660,0
DA:661,0
DA:662,0
DA:664,0
DA:666,0
DA:669,0
DA:671,0
DA:674,0
DA:675,0
DA:676,0
DA:679,0
DA:680,0
DA:683,0
DA:684,0
DA:685,0
DA:687,0
DA:688,0
DA:690,0
DA:692,0
DA:708,1
DA:709,0
DA:710,0
DA:711,0
DA:712,0
DA:714,0
DA:736,1
DA:737,0
DA:738,0
DA:740,0
DA:762,1
DA:763,0
DA:764,0
DA:765,0
DA:786,1
DA:787,0
DA:802,1
DA:803,0
DA:819,1
DA:820,0
DA:823,1
DA:824,0
DA:825,0
DA:826,0
DA:828,0
DA:829,0
DA:831,0
DA:834,0
DA:838,0
DA:839,0
DA:841,0
DA:853,0
DA:856,0
DA:857,0
DA:859,0
DA:861,0
DA:863,0
DA:864,0
DA:868,0
DA:871,0
DA:872,0
DA:883,1
DA:884,0
DA:894,0
DA:901,0
DA:902,0
DA:904,0
DA:907,0
DA:908,0
DA:909,0
DA:910,0
DA:912,0
DA:924,1
DA:925,0
DA:926,0
DA:927,0
DA:929,0
DA:930,0
DA:933,0
DA:934,0
DA:936,0
DA:937,0
DA:939,0
DA:940,0
DA:941,0
DA:943,0
DA:945,0
DA:949,0
DA:951,0
DA:956,0
DA:959,0
DA:960,0
DA:963,0
DA:964,0
DA:966,0
DA:967,0
DA:968,0
DA:971,0
DA:975,0
DA:988,1
DA:989,0
DA:1003,1
DA:1004,0
DA:1007,1
LF:209
LH:44
BRDA:82,0,0,0
BRDA:82,0,1,0
BRDA:245,1,0,0
BRDA:245,1,1,0
BRDA:250,2,0,0
BRDA:250,2,1,0
BRDA:264,3,0,0
BRDA:264,3,1,0
BRDA:314,4,0,0
BRDA:314,4,1,0
BRDA:352,5,0,0
BRDA:352,5,1,0
BRDA:354,6,0,0
BRDA:354,6,1,0
BRDA:457,7,0,0
BRDA:457,7,1,0
BRDA:489,8,0,0
BRDA:489,8,1,0
BRDA:489,9,0,0
BRDA:489,9,1,0
BRDA:509,10,0,0
BRDA:509,10,1,0
BRDA:512,11,0,0
BRDA:512,11,1,0
BRDA:519,12,0,0
BRDA:519,12,1,0
BRDA:583,13,0,0
BRDA:583,13,1,0
BRDA:585,14,0,0
BRDA:585,14,1,0
BRDA:596,15,0,0
BRDA:596,15,1,0
BRDA:651,16,0,0
BRDA:651,16,1,0
BRDA:661,17,0,0
BRDA:661,17,1,0
BRDA:671,18,0,0
BRDA:671,18,1,0
BRDA:673,19,0,0
BRDA:673,19,1,0
BRDA:679,20,0,0
BRDA:679,20,1,0
BRDA:680,21,0,0
BRDA:680,21,1,0
BRDA:680,21,2,0
BRDA:680,21,3,0
BRDA:710,22,0,0
BRDA:710,22,1,0
BRDA:711,23,0,0
BRDA:711,23,1,0
BRDA:712,24,0,0
BRDA:712,24,1,0
BRDA:722,25,0,0
BRDA:722,25,1,0
BRDA:738,26,0,0
BRDA:738,26,1,0
BRDA:748,27,0,0
BRDA:748,27,1,0
BRDA:764,28,0,0
BRDA:764,28,1,0
BRDA:773,29,0,0
BRDA:773,29,1,0
BRDA:791,30,0,0
BRDA:791,30,1,0
BRDA:829,31,0,0
BRDA:829,31,1,0
BRDA:838,32,0,0
BRDA:838,32,1,0
BRDA:850,33,0,0
BRDA:850,33,1,0
BRDA:856,34,0,0
BRDA:856,34,1,0
[...]
BRDA:130,5,1,0
BRDA:143,6,0,0
BRDA:143,6,1,0
BRDA:152,7,0,0
BRDA:152,7,1,0
BRDA:160,8,0,0
BRDA:160,8,1,0
BRF:18
BRH:0
end_of_record
TN:
SF:../../../../../../resources/sap/ui/test/matchers/Interactable.js
FN:12,(anonymous_0)
FN:62,(anonymous_1)
FN:73,(anonymous_2)
FNF:3
FNH:1
FNDA:1,(anonymous_0)
FNDA:0,(anonymous_1)
FNDA:0,(anonymous_2)
DA:7,1
DA:15,1
DA:16,1
DA:17,1
DA:61,1
DA:64,0
DA:65,0
DA:69,0
DA:70,0
DA:73,0
DA:74,0
DA:77,0
DA:78,0
DA:79,0
DA:82,0
DA:83,0
DA:84,0
DA:86,0
DA:87,0
DA:88,0
DA:92,0
LF:21
LH:5
BRDA:64,0,0,0
BRDA:64,0,1,0
BRDA:69,1,0,0
BRDA:69,1,1,0
BRDA:74,2,0,0
BRDA:74,2,1,0
BRDA:77,3,0,0
BRDA:77,3,1,0
BRDA:86,4,0,0
BRDA:86,4,1,0
BRDA:86,5,0,0
BRDA:86,5,1,0
BRF:12
BRH:0
end_of_record
TN:
SF:../../../../../../resources/sap/ui/test/matchers/LabelFor.js
FN:10,(anonymous_0)
FN:116,(anonymous_1)
FN:130,(anonymous_2)
FN:150,(anonymous_3)
FN:161,(anonymous_4)
FNF:5
FNH:1
FNDA:1,(anonymous_0)
FNDA:0,(anonymous_1)
FNDA:0,(anonymous_2)
FNDA:0,(anonymous_3)
FNDA:0,(anonymous_4)
DA:6,1
DA:13,1
DA:74,1
DA:117,0
DA:118,0
DA:120,0
DA:132,0
DA:133,0
DA:134,0
DA:135,0
DA:136,0
DA:138,0
DA:139,0
DA:140,0
DA:142,0
DA:143,0
DA:144,0
DA:147,0
DA:148,0
DA:151,0
DA:154,0
DA:161,0
DA:162,0
DA:163,0
DA:164,0
DA:165,0
DA:167,0
DA:170,0
DA:171,0
DA:172,0
DA:175,0
DA:179,1
LF:32
LH:4
BRDA:117,0,0,0
BRDA:117,0,1,0
BRDA:117,1,0,0
BRDA:117,1,1,0
BRDA:138,2,0,0
BRDA:138,2,1,0
BRDA:138,3,0,0
BRDA:138,3,1,0
BRDA:142,4,0,0
BRDA:142,4,1,0
BRDA:142,5,0,0
BRDA:142,5,1,0
BRDA:162,6,0,0
BRDA:162,6,1,0
BRDA:162,7,0,0
BRDA:162,7,1,0
BRDA:163,8,0,0
BRDA:163,8,1,0
BRDA:164,9,0,0
BRDA:164,9,1,0
BRDA:164,10,0,0
BRDA:164,10,1,0
BRDA:165,11,0,0
BRDA:165,11,1,0
BRDA:170,12,0,0
BRDA:170,12,1,0
BRDA:171,13,0,0
BRDA:171,13,1,0
BRF:28
BRH:0
end_of_record
TN:
SF:../../../../../../resources/sap/ui/test/matchers/MatcherFactory.js
FN:17,(anonymous_0)
FN:33,(anonymous_1)
FN:64,(anonymous_2)
FN:79,(anonymous_3)
FN:105,(anonymous_4)
FN:117,(anonymous_5)
FN:120,(anonymous_6)
FN:129,(anonymous_7)
FN:133,(anonymous_8)
FN:140,(anonymous_9)
FN:154,(anonymous_10)
FN:157,(anonymous_11)
FNF:12
FNH:6
FNDA:1,(anonymous_0)
FNDA:0,(anonymous_1)
FNDA:2,(anonymous_2)
FNDA:0,(anonymous_3)
FNDA:2,(anonymous_4)
FNDA:25,(anonymous_5)
FNDA:0,(anonymous_6)
FNDA:0,(anonymous_7)
FNDA:0,(anonymous_8)
FNDA:0,(anonymous_9)
FNDA:2,(anonymous_10)
FNDA:28,(anonymous_11)
DA:8,1
DA:24,1
DA:34,0
DA:35,0
DA:38,0
DA:40,0
DA:41,0
DA:43,0
DA:44,0
DA:48,0
DA:49,0
DA:51,0
DA:55,0
DA:65,2
DA:66,0
DA:70,2
DA:73,2
DA:74,0
DA:76,0
DA:77,0
DA:79,0
DA:80,0
DA:82,0
DA:85,0
DA:90,0
DA:94,2
DA:106,2
DA:107,0
DA:109,2
DA:111,0
DA:114,2
DA:115,2
DA:117,2
DA:119,25
DA:121,0
DA:122,0
DA:124,0
DA:127,0
DA:129,0
DA:132,0
DA:133,0
DA:134,0
DA:137,0
DA:142,0
DA:155,2
DA:156,2
DA:157,2
DA:159,28
DA:160,28
DA:161,28
DA:164,2
DA:168,1
LF:52
LH:20
BRDA:34,0,0,0
BRDA:34,0,1,0
BRDA:38,1,0,0
BRDA:38,1,1,0
BRDA:40,2,0,0
BRDA:40,2,1,0
BRDA:43,3,0,0
BRDA:43,3,1,0
BRDA:48,4,0,0
BRDA:48,4,1,0
BRDA:65,5,0,0
BRDA:65,5,1,2
BRDA:73,6,0,0
BRDA:73,6,1,2
BRDA:74,7,0,0
BRDA:74,7,1,0
BRDA:77,8,0,0
BRDA:77,8,1,0
BRDA:80,9,0,0
BRDA:80,9,1,0
BRDA:106,10,0,0
BRDA:106,10,1,2
BRDA:109,11,0,0
BRDA:109,11,1,2
BRDA:121,12,0,0
BRDA:121,12,1,0
BRDA:127,13,0,0
BRDA:127,13,1,0
BRDA:132,14,0,0
BRDA:132,14,1,0
BRDA:155,15,0,2
BRDA:155,15,1,2
BRDA:159,16,0,28
BRDA:159,16,1,0
BRF:34
BRH:7
end_of_record
TN:
SF:../../../../../../resources/sap/ui/test/matchers/Properties.js
FN:12,(anonymous_0)
FN:56,(anonymous_1)
FN:57,(anonymous_2)
FN:60,(anonymous_3)
FNF:4
FNH:1
FNDA:1,(anonymous_0)
FNDA:0,(anonymous_1)
FNDA:0,(anonymous_2)
FNDA:0,(anonymous_3)
DA:7,1
DA:14,1
DA:56,1
DA:57,0
DA:58,0
DA:60,0
DA:61,0
DA:63,0
DA:64,0
DA:65,0
DA:66,0
DA:69,0
DA:71,0
DA:72,0
DA:73,0
DA:75,0
DA:76,0
DA:78,0
DA:81,0
DA:82,0
DA:84,0
DA:88,0
LF:22
LH:3
BRDA:63,0,0,0
BRDA:63,0,1,0
BRDA:71,1,0,0
BRDA:71,1,1,0
BRDA:73,2,0,0
BRDA:73,2,1,0
BRDA:73,3,0,0
BRDA:73,3,1,0
BRDA:73,3,2,0
BRDA:81,4,0,0
BRDA:81,4,1,0
BRF:11
BRH:0
end_of_record
TN:
SF:../../../../../../resources/sap/ui/test/matchers/Sibling.js
FN:10,(anonymous_0)
FN:37,(anonymous_1)
FN:38,(anonymous_2)
FN:96,(anonymous_3)
FN:121,_getAggregatedControls
FN:132,(anonymous_5)
FNF:6
FNH:1
FNDA:1,(anonymous_0)
FNDA:0,(anonymous_1)
FNDA:0,(anonymous_2)
FNDA:0,(anonymous_3)
FNDA:0,_getAggregatedControls
FNDA:0,(anonymous_5)
DA:7,1
DA:13,1
DA:14,1
DA:37,1
DA:38,0
DA:39,0
DA:40,0
DA:41,0
DA:44,0
DA:46,0
DA:49,0
DA:50,0
DA:53,0
DA:56,0
DA:58,0
DA:59,0
DA:60,0
DA:62,0
DA:63,0
DA:64,0
DA:65,0
DA:67,0
DA:68,0
DA:72,0
DA:73,0
DA:74,0
DA:75,0
DA:77,0
DA:79,0
DA:80,0
DA:81,0
DA:83,0
DA:86,0
DA:90,0
DA:91,0
DA:92,0
DA:93,0
DA:95,0
DA:96,0
DA:97,0
DA:98,0
DA:99,0
DA:102,0
DA:103,0
DA:108,0
DA:109,0
DA:113,0
DA:115,0
DA:122,0
DA:123,0
DA:124,0
DA:125,0
DA:127,0
DA:128,0
DA:129,0
DA:132,0
DA:134,0
DA:136,0
LF:58
LH:4
BRDA:39,0,0,0
BRDA:39,0,1,0
BRDA:46,1,0,0
BRDA:46,1,1,0
BRDA:56,2,0,0
BRDA:56,2,1,0
BRDA:56,3,0,0
BRDA:56,3,1,0
BRDA:64,4,0,0
BRDA:64,4,1,0
BRDA:67,5,0,0
BRDA:67,5,1,0
BRDA:72,6,0,0
BRDA:72,6,1,0
BRDA:73,7,0,0
BRDA:73,7,1,0
BRDA:74,8,0,0
BRDA:74,8,1,0
BRDA:79,9,0,0
BRDA:79,9,1,0
BRDA:80,10,0,0
BRDA:80,10,1,0
BRDA:92,11,0,0
BRDA:92,11,1,0
BRDA:92,11,2,0
BRDA:92,11,3,0
BRDA:93,12,0,0
BRDA:93,12,1,0
BRDA:93,12,2,0
BRDA:97,13,0,0
BRDA:97,13,1,0
BRDA:98,14,0,0
BRDA:98,14,1,0
BRDA:102,15,0,0
BRDA:102,15,1,0
BRDA:113,16,0,0
BRDA:113,16,1,0
BRDA:125,17,0,0
BRDA:125,17,1,0
BRDA:128,18,0,0
BRDA:128,18,1,0
BRDA:134,19,0,0
BRDA:134,19,1,0
BRDA:134,19,2,0
BRF:44
BRH:0
end_of_record
TN:
SF:../../../../../../resources/sap/ui/test/matchers/Visible.js
FN:7,(anonymous_0)
FN:19,(anonymous_1)
FNF:2
FNH:1
FNDA:1,(anonymous_0)
FNDA:0,(anonymous_1)
DA:7,1
DA:18,1
DA:20,0
DA:21,0
DA:23,0
DA:24,0
DA:25,0
DA:27,0
DA:30,0
DA:33,0
LF:10
LH:2
BRDA:23,0,0,0
BRDA:23,0,1,0
BRDA:24,1,0,0
BRDA:24,1,1,0
BRDA:24,2,0,0
BRDA:24,2,1,0
BRF:6
BRH:0
end_of_record
TN:
SF:../../../../../../resources/sap/ui/test/matchers/_Busy.js
FN:11,(anonymous_0)
FN:17,(anonymous_1)
FN:18,(anonymous_2)
FNF:3
FNH:1
FNDA:1,(anonymous_0)
FNDA:0,(anonymous_1)
FNDA:0,(anonymous_2)
DA:8,1
DA:14,1
DA:16,1
DA:18,0
DA:19,0
DA:20,0
DA:21,0
DA:22,0
DA:24,0
DA:27,0
DA:30,0
LF:11
LH:3
BRDA:19,0,0,0
BRDA:19,0,1,0
BRDA:20,1,0,0
BRDA:20,1,1,0
BRDA:21,2,0,0
BRDA:21,2,1,0
BRF:6
BRH:0
end_of_record
TN:
SF:../../../../../../resources/sap/ui/test/matchers/_Editable.js
FN:11,(anonymous_0)
FN:17,(anonymous_1)
FN:18,(anonymous_2)
FNF:3
FNH:1
FNDA:1,(anonymous_0)
FNDA:0,(anonymous_1)
FNDA:0,(anonymous_2)
DA:8,1
DA:14,1
DA:16,1
DA:18,0
DA:19,0
DA:20,0
DA:23,0
DA:24,0
DA:25,0
DA:26,0
DA:28,0
DA:31,0
LF:12
LH:3
BRDA:19,0,0,0
BRDA:19,0,1,0
BRDA:24,1,0,0
BRDA:24,1,1,0
BRDA:25,2,0,0
BRDA:25,2,1,0
BRF:6
BRH:0
end_of_record
TN:
SF:../../../../../../resources/sap/ui/test/matchers/_Enabled.js
FN:11,(anonymous_0)
FN:17,(anonymous_1)
FN:18,(anonymous_2)
FNF:3
FNH:1
FNDA:1,(anonymous_0)
FNDA:0,(anonymous_1)
FNDA:0,(anonymous_2)
DA:8,1
DA:14,1
DA:16,1
DA:18,0
DA:19,0
DA:20,0
DA:23,0
DA:24,0
DA:25,0
DA:26,0
DA:28,0
DA:31,0
DA:34,0
LF:13
LH:3
BRDA:19,0,0,0
BRDA:19,0,1,0
BRDA:24,1,0,0
BRDA:24,1,1,0
BRDA:25,2,0,0
BRDA:25,2,1,0
BRF:6
BRH:0
end_of_record
TN:
SF:../../../../../../resources/sap/ui/test/matchers/_Visitor.js
FN:10,(anonymous_0)
FN:17,(anonymous_1)
FNF:2
FNH:1
FNDA:1,(anonymous_0)
FNDA:0,(anonymous_1)
DA:8,1
DA:13,1
DA:18,0
DA:19,0
DA:23,0
DA:24,0
DA:25,0
DA:28,0
DA:29,0
DA:30,0
DA:32,0
DA:37,0
LF:12
LH:2
BRDA:18,0,0,0
BRDA:18,0,1,0
BRDA:24,1,0,0
BRDA:24,1,1,0
BRDA:29,2,0,0
BRDA:29,2,1,0
BRDA:32,3,0,0
BRDA:32,3,1,0
BRDA:32,4,0,0
BRDA:32,4,1,0
BRF:10
BRH:0
end_of_record
TN:
SF:../../../../../../resources/sap/ui/test/matchers/matchers.js
FN:24,(anonymous_0)
FNF:1
FNH:1
FNDA:1,(anonymous_0)
DA:9,1
DA:42,1
LF:2
LH:2
BRF:0
BRH:0
end_of_record
TN:
SF:../../../../../../resources/sap/ui/test/pipelines/MatcherPipeline.js
FN:11,(anonymous_0)
FN:27,doesValueMatch
FN:29,(anonymous_2)
FN:78,(anonymous_3)
FN:99,(anonymous_4)
FNF:5
FNH:1
FNDA:1,(anonymous_0)
FNDA:0,doesValueMatch
FNDA:0,(anonymous_2)
FNDA:0,(anonymous_3)
FNDA:0,(anonymous_4)
DA:7,1
DA:13,1
DA:17,1
DA:28,0
DA:29,0
DA:31,0
DA:32,0
DA:34,0
DA:37,0
DA:38,0
DA:40,0
DA:42,0
DA:44,0
DA:47,0
DA:49,0
DA:52,0
DA:64,1
DA:81,0
DA:83,0
DA:86,0
DA:87,0
DA:88,0
DA:91,0
DA:92,0
DA:93,0
DA:95,0
DA:98,0
DA:99,0
DA:100,0
DA:101,0
DA:102,0
DA:103,0
DA:106,0
DA:107,0
DA:112,0
DA:115,0
DA:116,0
DA:119,0
DA:120,0
DA:122,0
DA:125,0
LF:41
LH:4
BRDA:31,0,0,0
BRDA:31,0,1,0
BRDA:37,1,0,0
BRDA:37,1,1,0
BRDA:38,2,0,0
BRDA:38,2,1,0
BRDA:47,3,0,0
BRDA:47,3,1,0
BRDA:49,4,0,0
BRDA:49,4,1,0
BRDA:86,5,0,0
BRDA:86,5,1,0
BRDA:86,6,0,0
BRDA:86,6,1,0
BRDA:91,7,0,0
BRDA:91,7,1,0
BRDA:101,8,0,0
BRDA:101,8,1,0
BRDA:102,9,0,0
BRDA:102,9,1,0
BRDA:112,10,0,0
BRDA:112,10,1,0
BRDA:115,11,0,0
BRDA:115,11,1,0
BRDA:119,12,0,0
BRDA:119,12,1,0
BRF:26
BRH:0
end_of_record
TN:
SF:../../../../../../resources/sap/ui/test/pipelines/PipelineFactory.js
FN:11,(anonymous_0)
FN:33,(anonymous_1)
FN:64,(anonymous_2)
FN:75,(anonymous_3)
FN:85,(anonymous_4)
FNF:5
FNH:5
FNDA:1,(anonymous_0)
FNDA:2,(anonymous_1)
FNDA:9,(anonymous_2)
FNDA:9,(anonymous_3)
FNDA:9,(anonymous_4)
DA:7,1
DA:23,1
DA:34,2
DA:35,2
DA:65,9
DA:67,9
DA:68,3
DA:69,6
DA:70,6
DA:72,0
DA:75,9
DA:77,9
DA:78,6
DA:79,3
DA:80,3
DA:81,3
DA:82,3
DA:84,0
DA:86,9
DA:89,9
LF:20
LH:18
BRDA:67,0,0,3
BRDA:67,0,1,6
BRDA:69,1,0,6
BRDA:69,1,1,0
BRDA:77,2,0,6
BRDA:77,2,1,3
BRDA:79,3,0,3
BRDA:79,3,1,0
BRF:8
BRH:6
end_of_record
TN:
SF:../../../../../../resources/sap/ui/unified/ColorPickerDisplayMode.js
FN:8,(anonymous_0)
FNF:1
FNH:1
FNDA:1,(anonymous_0)
DA:8,1
DA:19,1
DA:41,1
DA:43,1
LF:4
LH:4
BRF:0
BRH:0
end_of_record
TN:
SF:../../../../../../resources/sap/ui/unified/DateRange.js
FN:9,(anonymous_0)
FN:55,(anonymous_1)
FN:78,(anonymous_2)
FNF:3
FNH:1
FNDA:1,(anonymous_0)
FNDA:0,(anonymous_1)
FNDA:0,(anonymous_2)
DA:8,1
DA:30,1
DA:55,1
DA:57,0
DA:58,0
DA:60,0
DA:61,0
DA:64,0
DA:66,0
DA:78,1
DA:80,0
DA:81,0
DA:83,0
DA:84,0
DA:87,0
DA:89,0
DA:93,1
LF:17
LH:5
BRDA:57,0,0,0
BRDA:57,0,1,0
BRDA:80,1,0,0
BRDA:80,1,1,0
BRF:4
BRH:0
end_of_record
TN:
SF:../../../../../../resources/sap/ui/unified/FileUploaderHttpRequestMethod.js
FN:8,(anonymous_0)
FNF:1
FNH:1
FNDA:1,(anonymous_0)
DA:8,1
DA:19,1
DA:35,1
DA:37,1
LF:4
LH:4
BRF:0
BRH:0
end_of_record
TN:
SF:../../../../../../resources/sap/ui/unified/library.js
FN:18,(anonymous_0)
FN:634,(anonymous_1)
FN:640,(anonymous_2)
FN:643,(anonymous_3)
FN:657,(anonymous_4)
FN:666,(anonymous_5)
FNF:6
FNH:1
FNDA:1,(anonymous_0)
FNDA:0,(anonymous_1)
FNDA:0,(anonymous_2)
FNDA:0,(anonymous_3)
FNDA:0,(anonymous_4)
FNDA:0,(anonymous_5)
DA:10,1
DA:39,1
DA:121,1
DA:274,1
DA:282,1
DA:308,1
DA:317,1
DA:357,1
DA:366,1
DA:393,1
DA:403,1
DA:431,1
DA:442,1
DA:458,1
DA:467,1
DA:483,1
DA:486,1
DA:495,1
DA:511,1
DA:522,1
DA:568,1
DA:576,1
DA:592,1
DA:595,1
DA:633,1
DA:635,0
DA:636,0
DA:637,0
DA:638,0
DA:639,0
DA:640,0
DA:644,0
DA:645,0
DA:646,0
DA:647,0
DA:648,0
DA:649,0
DA:650,0
DA:651,0
DA:652,0
DA:654,0
DA:658,0
DA:659,0
DA:662,0
DA:663,0
DA:666,0
DA:667,0
DA:669,0
DA:670,0
DA:671,0
DA:672,0
DA:673,0
DA:676,0
DA:678,0
DA:681,0
DA:687,1
DA:689,1
DA:691,1
LF:58
LH:28
BRDA:640,0,0,0
BRDA:640,0,1,0
BRDA:650,1,0,0
BRDA:650,1,1,0
BRDA:658,2,0,0
BRDA:658,2,1,0
BRDA:662,3,0,0
BRDA:662,3,1,0
BRDA:669,4,0,0
BRDA:669,4,1,0
BRDA:670,5,0,0
BRDA:670,5,1,0
BRDA:689,6,0,1
BRDA:689,6,1,0
BRF:14
BRH:1
end_of_record
TN:
SF:../../../../../../resources/sap/ui/unified/calendar/CalendarDate.js
FN:13,(anonymous_0)
FN:55,(anonymous_1)
FN:108,(anonymous_2)
FN:118,(anonymous_3)
FN:128,(anonymous_4)
FN:147,(anonymous_5)
FN:162,(anonymous_6)
FN:174,(anonymous_7)
FN:184,(anonymous_8)
FN:192,(anonymous_9)
FN:200,(anonymous_10)
FN:209,(anonymous_11)
FN:219,(anonymous_12)
FN:229,(anonymous_13)
FN:239,(anonymous_14)
FN:249,(anonymous_15)
FN:259,(anonymous_16)
FN:276,(anonymous_17)
FN:289,(anonymous_18)
FN:297,(anonymous_19)
FN:310,(anonymous_20)
FN:320,(anonymous_21)
FN:336,createUniversalUTCDate
FN:349,createUTCDate
FN:357,checkCalendarDate
FN:369,checkNumericLike
FNF:26
FNH:1
FNDA:1,(anonymous_0)
FNDA:0,(anonymous_1)
FNDA:0,(anonymous_2)
FNDA:0,(anonymous_3)
FNDA:0,(anonymous_4)
FNDA:0,(anonymous_5)
FNDA:0,(anonymous_6)
FNDA:0,(anonymous_7)
FNDA:0,(anonymous_8)
FNDA:0,(anonymous_9)
FNDA:0,(anonymous_10)
FNDA:0,(anonymous_11)
FNDA:0,(anonymous_12)
FNDA:0,(anonymous_13)
FNDA:0,(anonymous_14)
FNDA:0,(anonymous_15)
FNDA:0,(anonymous_16)
FNDA:0,(anonymous_17)
FNDA:0,(anonymous_18)
FNDA:0,(anonymous_19)
FNDA:0,(anonymous_20)
FNDA:0,(anonymous_21)
FNDA:0,createUniversalUTCDate
FNDA:0,createUTCDate
FNDA:0,checkCalendarDate
FNDA:0,checkNumericLike
DA:8,1
DA:54,1
DA:56,0
DA:59,0
DA:61,0
DA:62,0
DA:66,0
DA:67,0
DA:69,0
DA:72,0
DA:75,0
DA:76,0
DA:78,0
DA:79,0
DA:83,0
DA:84,0
DA:85,0
DA:87,0
DA:88,0
DA:90,0
DA:91,0
DA:93,0
DA:94,0
DA:97,0
DA:108,1
DA:109,0
DA:118,1
DA:119,0
DA:120,0
DA:121,0
DA:128,1
DA:129,0
DA:147,1
DA:148,0
DA:149,0
DA:150,0
DA:151,0
DA:153,0
DA:155,0
DA:162,1
DA:163,0
DA:174,1
DA:175,0
DA:176,0
DA:177,0
DA:184,1
DA:185,0
DA:192,1
DA:193,0
DA:200,1
DA:201,0
DA:209,1
DA:210,0
DA:211,0
DA:219,1
DA:220,0
DA:221,0
DA:229,1
DA:230,0
DA:231,0
DA:239,1
DA:240,0
DA:241,0
DA:249,1
DA:250,0
DA:251,0
DA:259,1
DA:262,0
DA:265,0
DA:266,0
DA:268,0
DA:276,1
DA:279,0
DA:280,0
DA:282,0
DA:289,1
DA:290,0
DA:297,1
DA:298,0
DA:310,1
DA:313,0
DA:314,0
DA:316,0
DA:320,1
DA:323,0
DA:324,0
DA:326,0
DA:337,0
DA:338,0
DA:340,0
DA:350,0
DA:352,0
DA:354,0
DA:358,0
DA:359,0
DA:370,0
DA:371,0
DA:375,1
LF:98
LH:23
BRDA:59,0,0,0
BRDA:59,0,1,0
BRDA:59,0,2,0
BRDA:59,0,3,0
BRDA:59,0,4,0
BRDA:59,0,5,0
BRDA:66,1,0,0
BRDA:66,1,1,0
BRDA:69,2,0,0
BRDA:69,2,1,0
BRDA:90,3,0,0
BRDA:90,3,1,0
BRDA:149,4,0,0
BRDA:149,4,1,0
BRDA:149,5,0,0
BRDA:149,5,1,0
BRDA:313,6,0,0
BRDA:313,6,1,0
BRDA:313,7,0,0
BRDA:313,7,1,0
BRDA:313,7,2,0
BRDA:323,8,0,0
BRDA:323,8,1,0
BRDA:323,9,0,0
BRDA:323,9,1,0
BRDA:323,9,2,0
BRDA:337,10,0,0
BRDA:337,10,1,0
BRDA:358,11,0,0
BRDA:358,11,1,0
BRDA:370,12,0,0
BRDA:370,12,1,0
BRDA:370,13,0,0
BRDA:370,13,1,0
BRDA:370,13,2,0
BRF:35
BRH:0
end_of_record
TN:
SF:../../../../../../resources/sap/ui/unified/calendar/CalendarUtils.js
FN:28,(anonymous_0)
FN:61,(anonymous_1)
FN:98,(anonymous_2)
FN:136,(anonymous_3)
FN:162,(anonymous_4)
FN:186,(anonymous_5)
FN:220,(anonymous_6)
FN:262,(anonymous_7)
FN:275,(anonymous_8)
FN:304,(anonymous_9)
FN:314,(anonymous_10)
FN:332,(anonymous_11)
FN:361,(anonymous_12)
FN:375,(anonymous_13)
FN:392,(anonymous_14)
FN:404,(anonymous_15)
FN:418,(anonymous_16)
FN:431,(anonymous_17)
FN:446,(anonymous_18)
FN:471,(anonymous_19)
FN:489,(anonymous_20)
FN:502,(anonymous_21)
FN:519,(anonymous_22)
FN:540,(anonymous_23)
FN:569,(anonymous_24)
FN:584,(anonymous_25)
FN:598,(anonymous_26)
FN:617,(anonymous_27)
FN:637,(anonymous_28)
FN:653,(anonymous_29)
FN:665,(anonymous_30)
FN:680,(anonymous_31)
FN:692,(anonymous_32)
FN:704,(anonymous_33)
FNF:34
FNH:1
FNDA:1,(anonymous_0)
FNDA:0,(anonymous_1)
FNDA:0,(anonymous_2)
FNDA:0,(anonymous_3)
FNDA:0,(anonymous_4)
FNDA:0,(anonymous_5)
FNDA:0,(anonymous_6)
FNDA:0,(anonymous_7)
FNDA:0,(anonymous_8)
FNDA:0,(anonymous_9)
FNDA:0,(anonymous_10)
FNDA:0,(anonymous_11)
FNDA:0,(anonymous_12)
FNDA:0,(anonymous_13)
FNDA:0,(anonymous_14)
FNDA:0,(anonymous_15)
FNDA:0,(anonymous_16)
FNDA:0,(anonymous_17)
FNDA:0,(anonymous_18)
FNDA:0,(anonymous_19)
FNDA:0,(anonymous_20)
FNDA:0,(anonymous_21)
FNDA:0,(anonymous_22)
FNDA:0,(anonymous_23)
FNDA:0,(anonymous_24)
FNDA:0,(anonymous_25)
FNDA:0,(anonymous_26)
FNDA:0,(anonymous_27)
FNDA:0,(anonymous_28)
FNDA:0,(anonymous_29)
FNDA:0,(anonymous_30)
FNDA:0,(anonymous_31)
FNDA:0,(anonymous_32)
FNDA:0,(anonymous_33)
DA:17,1
DA:38,1
DA:45,1
DA:52,1
DA:61,1
DA:65,0
DA:68,0
DA:69,0
DA:71,0
DA:74,0
DA:75,0
DA:76,0
DA:79,0
DA:80,0
DA:81,0
DA:82,0
DA:83,0
DA:87,0
DA:98,1
DA:102,0
DA:105,0
DA:106,0
DA:108,0
DA:111,0
DA:112,0
DA:113,0
DA:116,0
DA:117,0
DA:118,0
DA:119,0
DA:120,0
DA:124,0
DA:136,1
DA:140,0
DA:141,0
DA:143,0
DA:146,0
DA:162,1
DA:163,0
DA:164,0
DA:165,0
DA:167,0
DA:175,0
DA:177,0
DA:186,1
DA:187,0
DA:220,1
DA:221,0
DA:224,0
DA:225,0
DA:226,0
DA:229,0
DA:230,0
DA:236,0
DA:239,0
DA:240,0
DA:244,0
DA:245,0
DA:246,0
DA:250,0
DA:262,1
DA:263,0
DA:264,0
DA:266,0
DA:275,1
DA:276,0
DA:277,0
DA:278,0
DA:279,0
DA:280,0
DA:283,0
DA:284,0
DA:285,0
DA:288,0
DA:289,0
DA:293,0
DA:304,1
DA:305,0
DA:314,1
DA:315,0
DA:316,0
DA:332,1
DA:333,0
DA:334,0
DA:336,0
DA:337,0
DA:339,0
DA:340,0
DA:342,0
DA:343,0
DA:345,0
DA:346,0
DA:348,0
DA:349,0
DA:351,0
DA:352,0
DA:361,1
DA:364,0
DA:365,0
DA:375,1
DA:376,0
DA:377,0
DA:378,0
DA:379,0
DA:380,0
DA:392,1
DA:393,0
DA:404,1
DA:405,0
DA:406,0
DA:408,0
DA:418,1
DA:419,0
DA:421,0
DA:431,1
DA:432,0
DA:434,0
DA:446,1
DA:447,0
DA:448,0
DA:451,0
DA:452,0
DA:454,0
DA:457,0
DA:458,0
DA:461,0
DA:471,1
DA:472,0
DA:474,0
DA:477,0
DA:478,0
DA:480,0
DA:489,1
DA:490,0
DA:502,1
DA:503,0
DA:505,0
DA:506,0
DA:507,0
DA:508,0
DA:509,0
DA:519,1
DA:520,0
DA:540,1
DA:541,0
DA:542,0
DA:544,0
DA:545,0
DA:551,0
DA:552,0
DA:553,0
DA:555,0
DA:558,0
DA:569,1
DA:570,0
DA:572,0
DA:574,0
DA:576,0
DA:584,1
DA:585,0
DA:586,0
DA:587,0
DA:588,0
DA:589,0
DA:598,1
DA:599,0
DA:600,0
DA:601,0
DA:602,0
DA:603,0
DA:617,1
DA:618,0
DA:619,0
DA:620,0
DA:622,0
DA:623,0
DA:625,0
DA:637,1
DA:638,0
DA:639,0
DA:641,0
DA:653,1
DA:654,0
DA:665,1
DA:666,0
DA:667,0
DA:669,0
DA:680,1
DA:681,0
DA:682,0
DA:692,1
DA:693,0
DA:694,0
DA:704,1
DA:705,0
DA:707,0
DA:710,1
LF:197
LH:38
BRDA:65,0,0,0
BRDA:65,0,1,0
BRDA:68,1,0,0
BRDA:68,1,1,0
BRDA:75,2,0,0
BRDA:75,2,1,0
BRDA:79,3,0,0
BRDA:79,3,1,0
BRDA:102,4,0,0
BRDA:102,4,1,0
BRDA:105,5,0,0
BRDA:105,5,1,0
BRDA:112,6,0,0
BRDA:112,6,1,0
BRDA:116,7,0,0
BRDA:116,7,1,0
BRDA:140,8,0,0
BRDA:140,8,1,0
BRDA:229,9,0,0
BRDA:229,9,1,0
BRDA:229,10,0,0
BRDA:229,10,1,0
BRDA:229,10,2,0
BRDA:244,11,0,0
BRDA:244,11,1,0
BRDA:244,12,0,0
BRDA:244,12,1,0
BRDA:244,12,2,0
BRDA:283,13,0,0
BRDA:283,13,1,0
BRDA:284,14,0,0
BRDA:284,14,1,0
BRDA:284,15,0,0
BRDA:284,15,1,0
BRDA:288,16,0,0
BRDA:288,16,1,0
BRDA:288,17,0,0
BRDA:288,17,1,0
BRDA:305,18,0,0
BRDA:305,18,1,0
BRDA:333,19,0,0
BRDA:333,19,1,0
BRDA:336,20,0,0
BRDA:336,20,1,0
BRDA:339,21,0,0
BRDA:339,21,1,0
BRDA:342,22,0,0
BRDA:342,22,1,0
BRDA:345,23,0,0
BRDA:345,23,1,0
BRDA:348,24,0,0
BRDA:348,24,1,0
BRDA:351,25,0,0
BRDA:351,25,1,0
BRDA:364,26,0,0
BRDA:364,26,1,0
BRDA:364,27,0,0
BRDA:364,27,1,0
BRDA:364,27,2,0
BRDA:377,28,0,0
BRDA:377,28,1,0
BRDA:378,29,0,0
BRDA:378,29,1,0
BRDA:379,30,0,0
BRDA:379,30,1,0
BRDA:379,31,0,0
BRDA:379,31,1,0
BRDA:379,31,2,0
BRDA:393,32,0,0
BRDA:393,32,1,0
BRDA:393,32,2,0
BRDA:457,33,0,0
BRDA:457,33,1,0
BRDA:490,34,0,0
BRDA:490,34,1,0
BRDA:490,34,2,0
BRDA:490,34,3,0
BRDA:544,35,0,0
BRDA:544,35,1,0
BRDA:544,36,0,0
BRDA:544,36,1,0
BRDA:544,36,2,0
BRDA:551,37,0,0
BRDA:551,37,1,0
BRDA:622,38,0,0
BRDA:622,38,1,0
BRDA:623,39,0,0
BRDA:623,39,1,0
BRDA:625,40,0,0
BRDA:625,40,1,0
BRDA:669,41,0,0
BRDA:669,41,1,0
BRDA:669,41,2,0
BRDA:681,42,0,0
BRDA:681,42,1,0
BRDA:681,43,0,0
BRDA:681,43,1,0
BRDA:707,44,0,0
BRDA:707,44,1,0
BRF:99
BRH:0
end_of_record
TN:
SF:../../../../../../resources/sap/ui/util/defaultLinkTypes.js
FN:6,(anonymous_0)
FN:25,defaultLinkTypes
FNF:2
FNH:1
FNDA:1,(anonymous_0)
FNDA:0,defaultLinkTypes
DA:6,1
DA:25,1
DA:27,0
DA:30,0
DA:31,0
DA:33,0
DA:35,1
LF:7
LH:3
BRDA:27,0,0,0
BRDA:27,0,1,0
BRDA:30,1,0,0
BRDA:30,1,1,0
BRDA:30,2,0,0
BRDA:30,2,1,0
BRDA:30,2,2,0
BRF:7
BRH:0
end_of_record
TN:
SF:../../../../../../resources/sap/ui/util/openWindow.js
FN:6,(anonymous_0)
FN:23,openWindow
FNF:2
FNH:1
FNDA:1,(anonymous_0)
FNDA:0,openWindow
DA:6,1
DA:23,1
DA:24,0
DA:26,0
DA:29,1
LF:5
LH:3
BRF:0
BRH:0
end_of_record
TN:
SF:../../../../../../resources/sap/ushell/resources.js
FN:9,(anonymous_0)
FN:24,(anonymous_1)
FN:29,(anonymous_2)
FN:46,(anonymous_3)
FNF:4
FNH:2
FNDA:1,(anonymous_0)
FNDA:1,(anonymous_1)
FNDA:0,(anonymous_2)
FNDA:0,(anonymous_3)
DA:6,1
DA:15,1
DA:17,1
DA:18,1
DA:24,1
DA:25,1
DA:29,1
DA:30,0
DA:46,1
DA:47,0
DA:48,0
DA:51,0
DA:52,0
DA:53,0
DA:56,0
DA:57,0
DA:58,0
DA:63,0
DA:64,0
DA:65,0
DA:66,0
DA:70,0
DA:73,0
DA:77,1
LF:24
LH:9
BRDA:47,0,0,0
BRDA:47,0,1,0
BRDA:57,1,0,0
BRDA:57,1,1,0
BRDA:65,2,0,0
BRDA:65,2,1,0
BRDA:65,3,0,0
BRDA:65,3,1,0
BRDA:70,4,0,0
BRDA:70,4,1,0
BRF:10
BRH:0
end_of_record
